  btAxisSweep3.cpp
C:\Users\Ryan\Desktop\INFO - 6022\Projects\6\PhysicsProject6\BulletPhysics\Physics\Bullet\Bullet\BulletCollision\BroadphaseCollision\btAxisSweep3.h(22,10): fatal error C1083: Cannot open include file: 'LinearMath/btVector3.h': No such file or directory
  btBroadphaseProxy.cpp
C:\Users\Ryan\Desktop\INFO - 6022\Projects\6\PhysicsProject6\BulletPhysics\Physics\Bullet\Bullet\BulletCollision\BroadphaseCollision\btBroadphaseProxy.h(19,10): fatal error C1083: Cannot open include file: 'LinearMath/btScalar.h': No such file or directory
  btCollisionAlgorithm.cpp
C:\Users\Ryan\Desktop\INFO - 6022\Projects\6\PhysicsProject6\BulletPhysics\Physics\Bullet\Bullet\BulletCollision\BroadphaseCollision\btCollisionAlgorithm.h(19,10): fatal error C1083: Cannot open include file: 'LinearMath/btScalar.h': No such file or directory
  btDbvt.cpp
C:\Users\Ryan\Desktop\INFO - 6022\Projects\6\PhysicsProject6\BulletPhysics\Physics\Bullet\Bullet\BulletCollision\BroadphaseCollision\btDbvt.h(20,10): fatal error C1083: Cannot open include file: 'LinearMath/btAlignedObjectArray.h': No such file or directory
  btDbvtBroadphase.cpp
C:\Users\Ryan\Desktop\INFO - 6022\Projects\6\PhysicsProject6\BulletPhysics\Physics\Bullet\Bullet\BulletCollision\BroadphaseCollision\btDbvtBroadphase.h(20,10): fatal error C1083: Cannot open include file: 'BulletCollision/BroadphaseCollision/btDbvt.h': No such file or directory
  btDispatcher.cpp
C:\Users\Ryan\Desktop\INFO - 6022\Projects\6\PhysicsProject6\BulletPhysics\Physics\Bullet\Bullet\BulletCollision\BroadphaseCollision\btDispatcher.h(18,10): fatal error C1083: Cannot open include file: 'LinearMath/btScalar.h': No such file or directory
  btOverlappingPairCache.cpp
C:\Users\Ryan\Desktop\INFO - 6022\Projects\6\PhysicsProject6\BulletPhysics\Physics\Bullet\Bullet\BulletCollision\BroadphaseCollision\btBroadphaseProxy.h(19,10): fatal error C1083: Cannot open include file: 'LinearMath/btScalar.h': No such file or directory
  btQuantizedBvh.cpp
C:\Users\Ryan\Desktop\INFO - 6022\Projects\6\PhysicsProject6\BulletPhysics\Physics\Bullet\Bullet\BulletCollision\BroadphaseCollision\btQuantizedBvh.h(31,10): fatal error C1083: Cannot open include file: 'LinearMath/btVector3.h': No such file or directory
  btSimpleBroadphase.cpp
C:\Users\Ryan\Desktop\INFO - 6022\Projects\6\PhysicsProject6\BulletPhysics\Physics\Bullet\Bullet\BulletCollision\BroadphaseCollision\btBroadphaseProxy.h(19,10): fatal error C1083: Cannot open include file: 'LinearMath/btScalar.h': No such file or directory
  btActivatingCollisionAlgorithm.cpp
C:\Users\Ryan\Desktop\INFO - 6022\Projects\6\PhysicsProject6\BulletPhysics\Physics\Bullet\Bullet\BulletCollision\CollisionDispatch\btActivatingCollisionAlgorithm.h(19,10): fatal error C1083: Cannot open include file: 'BulletCollision/BroadphaseCollision/btCollisionAlgorithm.h': No such file or directory
  btBox2dBox2dCollisionAlgorithm.cpp
C:\Users\Ryan\Desktop\INFO - 6022\Projects\6\PhysicsProject6\BulletPhysics\Physics\Bullet\Bullet\BulletCollision\CollisionDispatch\btBox2dBox2dCollisionAlgorithm.h(19,10): fatal error C1083: Cannot open include file: 'BulletCollision/CollisionDispatch/btActivatingCollisionAlgorithm.h': No such file or directory
  btBoxBoxCollisionAlgorithm.cpp
C:\Users\Ryan\Desktop\INFO - 6022\Projects\6\PhysicsProject6\BulletPhysics\Physics\Bullet\Bullet\BulletCollision\CollisionDispatch\btActivatingCollisionAlgorithm.h(19,10): fatal error C1083: Cannot open include file: 'BulletCollision/BroadphaseCollision/btCollisionAlgorithm.h': No such file or directory
  btBoxBoxDetector.cpp
C:\Users\Ryan\Desktop\INFO - 6022\Projects\6\PhysicsProject6\BulletPhysics\Physics\Bullet\Bullet\BulletCollision\CollisionDispatch\btBoxBoxDetector.h(23,10): fatal error C1083: Cannot open include file: 'BulletCollision/NarrowPhaseCollision/btDiscreteCollisionDetectorInterface.h': No such file or directory
  btCollisionDispatcher.cpp
C:\Users\Ryan\Desktop\INFO - 6022\Projects\6\PhysicsProject6\BulletPhysics\Physics\Bullet\Bullet\BulletCollision\CollisionDispatch\btCollisionDispatcher.h(19,10): fatal error C1083: Cannot open include file: 'BulletCollision/BroadphaseCollision/btDispatcher.h': No such file or directory
  btCollisionDispatcherMt.cpp
C:\Users\Ryan\Desktop\INFO - 6022\Projects\6\PhysicsProject6\BulletPhysics\Physics\Bullet\Bullet\BulletCollision\CollisionDispatch\btCollisionDispatcherMt.h(19,10): fatal error C1083: Cannot open include file: 'BulletCollision/CollisionDispatch/btCollisionDispatcher.h': No such file or directory
  btCollisionObject.cpp
C:\Users\Ryan\Desktop\INFO - 6022\Projects\6\PhysicsProject6\BulletPhysics\Physics\Bullet\Bullet\BulletCollision\CollisionDispatch\btCollisionObject.h(19,10): fatal error C1083: Cannot open include file: 'LinearMath/btTransform.h': No such file or directory
  btCollisionWorld.cpp
C:\Users\Ryan\Desktop\INFO - 6022\Projects\6\PhysicsProject6\BulletPhysics\Physics\Bullet\Bullet\BulletCollision\CollisionDispatch\btCollisionWorld.h(77,10): fatal error C1083: Cannot open include file: 'LinearMath/btVector3.h': No such file or directory
  btCollisionWorldImporter.cpp
C:\Users\Ryan\Desktop\INFO - 6022\Projects\6\PhysicsProject6\BulletPhysics\Physics\Bullet\Bullet\BulletCollision\CollisionDispatch\btCollisionWorldImporter.h(19,10): fatal error C1083: Cannot open include file: 'LinearMath/btTransform.h': No such file or directory
  btCompoundCollisionAlgorithm.cpp
C:\Users\Ryan\Desktop\INFO - 6022\Projects\6\PhysicsProject6\BulletPhysics\Physics\Bullet\Bullet\BulletCollision\CollisionDispatch\btCompoundCollisionAlgorithm.cpp(17,10): fatal error C1083: Cannot open include file: 'BulletCollision/CollisionDispatch/btCompoundCollisionAlgorithm.h': No such file or directory
  btCompoundCompoundCollisionAlgorithm.cpp
C:\Users\Ryan\Desktop\INFO - 6022\Projects\6\PhysicsProject6\BulletPhysics\Physics\Bullet\Bullet\BulletCollision\CollisionDispatch\btActivatingCollisionAlgorithm.h(19,10): fatal error C1083: Cannot open include file: 'BulletCollision/BroadphaseCollision/btCollisionAlgorithm.h': No such file or directory
  Generating Code...
  Compiling...
  btConvex2dConvex2dAlgorithm.cpp
C:\Users\Ryan\Desktop\INFO - 6022\Projects\6\PhysicsProject6\BulletPhysics\Physics\Bullet\Bullet\BulletCollision\CollisionDispatch\btConvex2dConvex2dAlgorithm.h(19,10): fatal error C1083: Cannot open include file: 'BulletCollision/CollisionDispatch/btActivatingCollisionAlgorithm.h': No such file or directory
  btConvexConcaveCollisionAlgorithm.cpp
C:\Users\Ryan\Desktop\INFO - 6022\Projects\6\PhysicsProject6\BulletPhysics\Physics\Bullet\Bullet\BulletCollision\CollisionDispatch\btActivatingCollisionAlgorithm.h(19,10): fatal error C1083: Cannot open include file: 'BulletCollision/BroadphaseCollision/btCollisionAlgorithm.h': No such file or directory
  btConvexConvexAlgorithm.cpp
C:\Users\Ryan\Desktop\INFO - 6022\Projects\6\PhysicsProject6\BulletPhysics\Physics\Bullet\Bullet\BulletCollision\CollisionDispatch\btActivatingCollisionAlgorithm.h(19,10): fatal error C1083: Cannot open include file: 'BulletCollision/BroadphaseCollision/btCollisionAlgorithm.h': No such file or directory
  btConvexPlaneCollisionAlgorithm.cpp
C:\Users\Ryan\Desktop\INFO - 6022\Projects\6\PhysicsProject6\BulletPhysics\Physics\Bullet\Bullet\BulletCollision\CollisionDispatch\btConvexPlaneCollisionAlgorithm.h(19,10): fatal error C1083: Cannot open include file: 'BulletCollision/BroadphaseCollision/btCollisionAlgorithm.h': No such file or directory
  btDefaultCollisionConfiguration.cpp
C:\Users\Ryan\Desktop\INFO - 6022\Projects\6\PhysicsProject6\BulletPhysics\Physics\Bullet\Bullet\BulletCollision\CollisionDispatch\btDefaultCollisionConfiguration.cpp(18,10): fatal error C1083: Cannot open include file: 'BulletCollision/CollisionDispatch/btConvexConvexAlgorithm.h': No such file or directory
  btEmptyCollisionAlgorithm.cpp
C:\Users\Ryan\Desktop\INFO - 6022\Projects\6\PhysicsProject6\BulletPhysics\Physics\Bullet\Bullet\BulletCollision\CollisionDispatch\btEmptyCollisionAlgorithm.h(18,10): fatal error C1083: Cannot open include file: 'BulletCollision/BroadphaseCollision/btCollisionAlgorithm.h': No such file or directory
  btGhostObject.cpp
C:\Users\Ryan\Desktop\INFO - 6022\Projects\6\PhysicsProject6\BulletPhysics\Physics\Bullet\Bullet\BulletCollision\CollisionDispatch\btCollisionObject.h(19,10): fatal error C1083: Cannot open include file: 'LinearMath/btTransform.h': No such file or directory
  btHashedSimplePairCache.cpp
C:\Users\Ryan\Desktop\INFO - 6022\Projects\6\PhysicsProject6\BulletPhysics\Physics\Bullet\Bullet\BulletCollision\CollisionDispatch\btHashedSimplePairCache.h(19,10): fatal error C1083: Cannot open include file: 'LinearMath/btAlignedObjectArray.h': No such file or directory
  btInternalEdgeUtility.cpp
C:\Users\Ryan\Desktop\INFO - 6022\Projects\6\PhysicsProject6\BulletPhysics\Physics\Bullet\Bullet\BulletCollision\CollisionDispatch\btInternalEdgeUtility.h(5,10): fatal error C1083: Cannot open include file: 'LinearMath/btHashMap.h': No such file or directory
  btManifoldResult.cpp
C:\Users\Ryan\Desktop\INFO - 6022\Projects\6\PhysicsProject6\BulletPhysics\Physics\Bullet\Bullet\BulletCollision\CollisionDispatch\btManifoldResult.h(22,10): fatal error C1083: Cannot open include file: 'BulletCollision/NarrowPhaseCollision/btPersistentManifold.h': No such file or directory
  btSimulationIslandManager.cpp
C:\Users\Ryan\Desktop\INFO - 6022\Projects\6\PhysicsProject6\BulletPhysics\Physics\Bullet\Bullet\BulletCollision\CollisionDispatch\btSimulationIslandManager.cpp(17,10): fatal error C1083: Cannot open include file: 'LinearMath/btScalar.h': No such file or directory
  btSphereBoxCollisionAlgorithm.cpp
C:\Users\Ryan\Desktop\INFO - 6022\Projects\6\PhysicsProject6\BulletPhysics\Physics\Bullet\Bullet\BulletCollision\CollisionDispatch\btActivatingCollisionAlgorithm.h(19,10): fatal error C1083: Cannot open include file: 'BulletCollision/BroadphaseCollision/btCollisionAlgorithm.h': No such file or directory
  btSphereSphereCollisionAlgorithm.cpp
C:\Users\Ryan\Desktop\INFO - 6022\Projects\6\PhysicsProject6\BulletPhysics\Physics\Bullet\Bullet\BulletCollision\CollisionDispatch\btActivatingCollisionAlgorithm.h(19,10): fatal error C1083: Cannot open include file: 'BulletCollision/BroadphaseCollision/btCollisionAlgorithm.h': No such file or directory
  btSphereTriangleCollisionAlgorithm.cpp
C:\Users\Ryan\Desktop\INFO - 6022\Projects\6\PhysicsProject6\BulletPhysics\Physics\Bullet\Bullet\BulletCollision\CollisionDispatch\btActivatingCollisionAlgorithm.h(19,10): fatal error C1083: Cannot open include file: 'BulletCollision/BroadphaseCollision/btCollisionAlgorithm.h': No such file or directory
  btUnionFind.cpp
C:\Users\Ryan\Desktop\INFO - 6022\Projects\6\PhysicsProject6\BulletPhysics\Physics\Bullet\Bullet\BulletCollision\CollisionDispatch\btUnionFind.h(19,10): fatal error C1083: Cannot open include file: 'LinearMath/btAlignedObjectArray.h': No such file or directory
  SphereTriangleDetector.cpp
C:\Users\Ryan\Desktop\INFO - 6022\Projects\6\PhysicsProject6\BulletPhysics\Physics\Bullet\Bullet\BulletCollision\CollisionDispatch\SphereTriangleDetector.cpp(16,10): fatal error C1083: Cannot open include file: 'LinearMath/btScalar.h': No such file or directory
  btBox2dShape.cpp
C:\Users\Ryan\Desktop\INFO - 6022\Projects\6\PhysicsProject6\BulletPhysics\Physics\Bullet\Bullet\BulletCollision\CollisionShapes\btBox2dShape.h(19,10): fatal error C1083: Cannot open include file: 'BulletCollision/CollisionShapes/btPolyhedralConvexShape.h': No such file or directory
  btBoxShape.cpp
C:\Users\Ryan\Desktop\INFO - 6022\Projects\6\PhysicsProject6\BulletPhysics\Physics\Bullet\Bullet\BulletCollision\CollisionShapes\btPolyhedralConvexShape.h(19,10): fatal error C1083: Cannot open include file: 'LinearMath/btMatrix3x3.h': No such file or directory
  btBvhTriangleMeshShape.cpp
C:\Users\Ryan\Desktop\INFO - 6022\Projects\6\PhysicsProject6\BulletPhysics\Physics\Bullet\Bullet\BulletCollision\CollisionShapes\btBvhTriangleMeshShape.cpp(18,10): fatal error C1083: Cannot open include file: 'BulletCollision/CollisionShapes/btBvhTriangleMeshShape.h': No such file or directory
  btCapsuleShape.cpp
C:\Users\Ryan\Desktop\INFO - 6022\Projects\6\PhysicsProject6\BulletPhysics\Physics\Bullet\Bullet\BulletCollision\CollisionShapes\btCollisionShape.h(19,10): fatal error C1083: Cannot open include file: 'LinearMath/btTransform.h': No such file or directory
  Generating Code...
  Compiling...
  btCollisionShape.cpp
C:\Users\Ryan\Desktop\INFO - 6022\Projects\6\PhysicsProject6\BulletPhysics\Physics\Bullet\Bullet\BulletCollision\CollisionShapes\btCollisionShape.cpp(15,10): fatal error C1083: Cannot open include file: 'BulletCollision/CollisionShapes/btCollisionShape.h': No such file or directory
  btCompoundShape.cpp
C:\Users\Ryan\Desktop\INFO - 6022\Projects\6\PhysicsProject6\BulletPhysics\Physics\Bullet\Bullet\BulletCollision\CollisionShapes\btCollisionShape.h(19,10): fatal error C1083: Cannot open include file: 'LinearMath/btTransform.h': No such file or directory
  btConcaveShape.cpp
C:\Users\Ryan\Desktop\INFO - 6022\Projects\6\PhysicsProject6\BulletPhysics\Physics\Bullet\Bullet\BulletCollision\CollisionShapes\btCollisionShape.h(19,10): fatal error C1083: Cannot open include file: 'LinearMath/btTransform.h': No such file or directory
  btConeShape.cpp
C:\Users\Ryan\Desktop\INFO - 6022\Projects\6\PhysicsProject6\BulletPhysics\Physics\Bullet\Bullet\BulletCollision\CollisionShapes\btCollisionShape.h(19,10): fatal error C1083: Cannot open include file: 'LinearMath/btTransform.h': No such file or directory
  btConvex2dShape.cpp
C:\Users\Ryan\Desktop\INFO - 6022\Projects\6\PhysicsProject6\BulletPhysics\Physics\Bullet\Bullet\BulletCollision\CollisionShapes\btConvex2dShape.h(19,10): fatal error C1083: Cannot open include file: 'BulletCollision/CollisionShapes/btConvexShape.h': No such file or directory
  btConvexHullShape.cpp
C:\Users\Ryan\Desktop\INFO - 6022\Projects\6\PhysicsProject6\BulletPhysics\Physics\Bullet\Bullet\BulletCollision\CollisionShapes\btPolyhedralConvexShape.h(19,10): fatal error C1083: Cannot open include file: 'LinearMath/btMatrix3x3.h': No such file or directory
  btConvexInternalShape.cpp
C:\Users\Ryan\Desktop\INFO - 6022\Projects\6\PhysicsProject6\BulletPhysics\Physics\Bullet\Bullet\BulletCollision\CollisionShapes\btCollisionShape.h(19,10): fatal error C1083: Cannot open include file: 'LinearMath/btTransform.h': No such file or directory
  btConvexPointCloudShape.cpp
C:\Users\Ryan\Desktop\INFO - 6022\Projects\6\PhysicsProject6\BulletPhysics\Physics\Bullet\Bullet\BulletCollision\CollisionShapes\btPolyhedralConvexShape.h(19,10): fatal error C1083: Cannot open include file: 'LinearMath/btMatrix3x3.h': No such file or directory
  btConvexPolyhedron.cpp
C:\Users\Ryan\Desktop\INFO - 6022\Projects\6\PhysicsProject6\BulletPhysics\Physics\Bullet\Bullet\BulletCollision\CollisionShapes\btConvexPolyhedron.h(21,10): fatal error C1083: Cannot open include file: 'LinearMath/btTransform.h': No such file or directory
  btConvexShape.cpp
C:\Users\Ryan\Desktop\INFO - 6022\Projects\6\PhysicsProject6\BulletPhysics\Physics\Bullet\Bullet\BulletCollision\CollisionShapes\btCollisionShape.h(19,10): fatal error C1083: Cannot open include file: 'LinearMath/btTransform.h': No such file or directory
  btConvexTriangleMeshShape.cpp
C:\Users\Ryan\Desktop\INFO - 6022\Projects\6\PhysicsProject6\BulletPhysics\Physics\Bullet\Bullet\BulletCollision\CollisionShapes\btPolyhedralConvexShape.h(19,10): fatal error C1083: Cannot open include file: 'LinearMath/btMatrix3x3.h': No such file or directory
  btCylinderShape.cpp
C:\Users\Ryan\Desktop\INFO - 6022\Projects\6\PhysicsProject6\BulletPhysics\Physics\Bullet\Bullet\BulletCollision\CollisionShapes\btPolyhedralConvexShape.h(19,10): fatal error C1083: Cannot open include file: 'LinearMath/btMatrix3x3.h': No such file or directory
  btEmptyShape.cpp
C:\Users\Ryan\Desktop\INFO - 6022\Projects\6\PhysicsProject6\BulletPhysics\Physics\Bullet\Bullet\BulletCollision\CollisionShapes\btCollisionShape.h(19,10): fatal error C1083: Cannot open include file: 'LinearMath/btTransform.h': No such file or directory
  btHeightfieldTerrainShape.cpp
C:\Users\Ryan\Desktop\INFO - 6022\Projects\6\PhysicsProject6\BulletPhysics\Physics\Bullet\Bullet\BulletCollision\CollisionShapes\btCollisionShape.h(19,10): fatal error C1083: Cannot open include file: 'LinearMath/btTransform.h': No such file or directory
  btMiniSDF.cpp
C:\Users\Ryan\Desktop\INFO - 6022\Projects\6\PhysicsProject6\BulletPhysics\Physics\Bullet\Bullet\BulletCollision\CollisionShapes\btMiniSDF.h(4,10): fatal error C1083: Cannot open include file: 'LinearMath/btVector3.h': No such file or directory
  btMinkowskiSumShape.cpp
C:\Users\Ryan\Desktop\INFO - 6022\Projects\6\PhysicsProject6\BulletPhysics\Physics\Bullet\Bullet\BulletCollision\CollisionShapes\btCollisionShape.h(19,10): fatal error C1083: Cannot open include file: 'LinearMath/btTransform.h': No such file or directory
  btMultimaterialTriangleMeshShape.cpp
C:\Users\Ryan\Desktop\INFO - 6022\Projects\6\PhysicsProject6\BulletPhysics\Physics\Bullet\Bullet\BulletCollision\CollisionShapes\btMultimaterialTriangleMeshShape.cpp(18,10): fatal error C1083: Cannot open include file: 'BulletCollision/CollisionShapes/btMultimaterialTriangleMeshShape.h': No such file or directory
  btMultiSphereShape.cpp
C:\Users\Ryan\Desktop\INFO - 6022\Projects\6\PhysicsProject6\BulletPhysics\Physics\Bullet\Bullet\BulletCollision\CollisionShapes\btCollisionShape.h(19,10): fatal error C1083: Cannot open include file: 'LinearMath/btTransform.h': No such file or directory
  btOptimizedBvh.cpp
C:\Users\Ryan\Desktop\INFO - 6022\Projects\6\PhysicsProject6\BulletPhysics\Physics\Bullet\Bullet\BulletCollision\CollisionShapes\btOptimizedBvh.h(21,10): fatal error C1083: Cannot open include file: 'BulletCollision/BroadphaseCollision/btQuantizedBvh.h': No such file or directory
  btPolyhedralConvexShape.cpp
C:\Users\Ryan\Desktop\INFO - 6022\Projects\6\PhysicsProject6\BulletPhysics\Physics\Bullet\Bullet\BulletCollision\CollisionShapes\btPolyhedralConvexShape.cpp(19,10): fatal error C1083: Cannot open include file: 'BulletCollision/CollisionShapes/btPolyhedralConvexShape.h': No such file or directory
  Generating Code...
  Compiling...
  btScaledBvhTriangleMeshShape.cpp
C:\Users\Ryan\Desktop\INFO - 6022\Projects\6\PhysicsProject6\BulletPhysics\Physics\Bullet\Bullet\BulletCollision\CollisionShapes\btScaledBvhTriangleMeshShape.h(19,10): fatal error C1083: Cannot open include file: 'BulletCollision/CollisionShapes/btBvhTriangleMeshShape.h': No such file or directory
  btSdfCollisionShape.cpp
C:\Users\Ryan\Desktop\INFO - 6022\Projects\6\PhysicsProject6\BulletPhysics\Physics\Bullet\Bullet\BulletCollision\CollisionShapes\btCollisionShape.h(19,10): fatal error C1083: Cannot open include file: 'LinearMath/btTransform.h': No such file or directory
  btShapeHull.cpp
C:\Users\Ryan\Desktop\INFO - 6022\Projects\6\PhysicsProject6\BulletPhysics\Physics\Bullet\Bullet\BulletCollision\CollisionShapes\btShapeHull.h(21,10): fatal error C1083: Cannot open include file: 'LinearMath/btAlignedObjectArray.h': No such file or directory
  btSphereShape.cpp
C:\Users\Ryan\Desktop\INFO - 6022\Projects\6\PhysicsProject6\BulletPhysics\Physics\Bullet\Bullet\BulletCollision\CollisionShapes\btCollisionShape.h(19,10): fatal error C1083: Cannot open include file: 'LinearMath/btTransform.h': No such file or directory
  btStaticPlaneShape.cpp
C:\Users\Ryan\Desktop\INFO - 6022\Projects\6\PhysicsProject6\BulletPhysics\Physics\Bullet\Bullet\BulletCollision\CollisionShapes\btCollisionShape.h(19,10): fatal error C1083: Cannot open include file: 'LinearMath/btTransform.h': No such file or directory
  btStridingMeshInterface.cpp
C:\Users\Ryan\Desktop\INFO - 6022\Projects\6\PhysicsProject6\BulletPhysics\Physics\Bullet\Bullet\BulletCollision\CollisionShapes\btStridingMeshInterface.h(19,10): fatal error C1083: Cannot open include file: 'LinearMath/btVector3.h': No such file or directory
  btTetrahedronShape.cpp
C:\Users\Ryan\Desktop\INFO - 6022\Projects\6\PhysicsProject6\BulletPhysics\Physics\Bullet\Bullet\BulletCollision\CollisionShapes\btPolyhedralConvexShape.h(19,10): fatal error C1083: Cannot open include file: 'LinearMath/btMatrix3x3.h': No such file or directory
  btTriangleBuffer.cpp
C:\Users\Ryan\Desktop\INFO - 6022\Projects\6\PhysicsProject6\BulletPhysics\Physics\Bullet\Bullet\BulletCollision\CollisionShapes\btTriangleCallback.h(19,10): fatal error C1083: Cannot open include file: 'LinearMath/btVector3.h': No such file or directory
  btTriangleCallback.cpp
C:\Users\Ryan\Desktop\INFO - 6022\Projects\6\PhysicsProject6\BulletPhysics\Physics\Bullet\Bullet\BulletCollision\CollisionShapes\btTriangleCallback.h(19,10): fatal error C1083: Cannot open include file: 'LinearMath/btVector3.h': No such file or directory
  btTriangleIndexVertexArray.cpp
C:\Users\Ryan\Desktop\INFO - 6022\Projects\6\PhysicsProject6\BulletPhysics\Physics\Bullet\Bullet\BulletCollision\CollisionShapes\btStridingMeshInterface.h(19,10): fatal error C1083: Cannot open include file: 'LinearMath/btVector3.h': No such file or directory
  btTriangleIndexVertexMaterialArray.cpp
C:\Users\Ryan\Desktop\INFO - 6022\Projects\6\PhysicsProject6\BulletPhysics\Physics\Bullet\Bullet\BulletCollision\CollisionShapes\btStridingMeshInterface.h(19,10): fatal error C1083: Cannot open include file: 'LinearMath/btVector3.h': No such file or directory
  btTriangleMesh.cpp
C:\Users\Ryan\Desktop\INFO - 6022\Projects\6\PhysicsProject6\BulletPhysics\Physics\Bullet\Bullet\BulletCollision\CollisionShapes\btStridingMeshInterface.h(19,10): fatal error C1083: Cannot open include file: 'LinearMath/btVector3.h': No such file or directory
  btTriangleMeshShape.cpp
C:\Users\Ryan\Desktop\INFO - 6022\Projects\6\PhysicsProject6\BulletPhysics\Physics\Bullet\Bullet\BulletCollision\CollisionShapes\btCollisionShape.h(19,10): fatal error C1083: Cannot open include file: 'LinearMath/btTransform.h': No such file or directory
  btUniformScalingShape.cpp
C:\Users\Ryan\Desktop\INFO - 6022\Projects\6\PhysicsProject6\BulletPhysics\Physics\Bullet\Bullet\BulletCollision\CollisionShapes\btCollisionShape.h(19,10): fatal error C1083: Cannot open include file: 'LinearMath/btTransform.h': No such file or directory
  btContactProcessing.cpp
C:\Users\Ryan\Desktop\INFO - 6022\Projects\6\PhysicsProject6\BulletPhysics\Physics\Bullet\Bullet\BulletCollision\Gimpact\btContactProcessing.h(27,10): fatal error C1083: Cannot open include file: 'LinearMath/btTransform.h': No such file or directory
  btGenericPoolAllocator.cpp
C:\Users\Ryan\Desktop\INFO - 6022\Projects\6\PhysicsProject6\BulletPhysics\Physics\Bullet\Bullet\BulletCollision\Gimpact\btGenericPoolAllocator.h(27,10): fatal error C1083: Cannot open include file: 'LinearMath/btAlignedAllocator.h': No such file or directory
  btGImpactBvh.cpp
C:\Users\Ryan\Desktop\INFO - 6022\Projects\6\PhysicsProject6\BulletPhysics\Physics\Bullet\Bullet\BulletCollision\Gimpact\btGImpactBvh.h(27,10): fatal error C1083: Cannot open include file: 'LinearMath/btAlignedObjectArray.h': No such file or directory
  btGImpactCollisionAlgorithm.cpp
C:\Users\Ryan\Desktop\INFO - 6022\Projects\6\PhysicsProject6\BulletPhysics\Physics\Bullet\Bullet\BulletCollision\Gimpact\btGImpactCollisionAlgorithm.cpp(26,10): fatal error C1083: Cannot open include file: 'BulletCollision/CollisionDispatch/btManifoldResult.h': No such file or directory
  btGImpactQuantizedBvh.cpp
C:\Users\Ryan\Desktop\INFO - 6022\Projects\6\PhysicsProject6\BulletPhysics\Physics\Bullet\Bullet\BulletCollision\Gimpact\btGImpactBvh.h(27,10): fatal error C1083: Cannot open include file: 'LinearMath/btAlignedObjectArray.h': No such file or directory
  btGImpactShape.cpp
C:\Users\Ryan\Desktop\INFO - 6022\Projects\6\PhysicsProject6\BulletPhysics\Physics\Bullet\Bullet\BulletCollision\Gimpact\btGImpactShape.h(27,10): fatal error C1083: Cannot open include file: 'BulletCollision/CollisionShapes/btCollisionShape.h': No such file or directory
  Generating Code...
  Compiling...
  btTriangleShapeEx.cpp
C:\Users\Ryan\Desktop\INFO - 6022\Projects\6\PhysicsProject6\BulletPhysics\Physics\Bullet\Bullet\BulletCollision\Gimpact\btTriangleShapeEx.h(27,10): fatal error C1083: Cannot open include file: 'BulletCollision/CollisionShapes/btCollisionShape.h': No such file or directory
  gim_box_set.cpp
C:\Users\Ryan\Desktop\INFO - 6022\Projects\6\PhysicsProject6\BulletPhysics\Physics\Bullet\Bullet\BulletCollision\Gimpact\gim_math.h(35,10): fatal error C1083: Cannot open include file: 'LinearMath/btScalar.h': No such file or directory
  gim_contact.cpp
C:\Users\Ryan\Desktop\INFO - 6022\Projects\6\PhysicsProject6\BulletPhysics\Physics\Bullet\Bullet\BulletCollision\Gimpact\gim_math.h(35,10): fatal error C1083: Cannot open include file: 'LinearMath/btScalar.h': No such file or directory
  gim_memory.cpp
C:\Users\Ryan\Desktop\INFO - 6022\Projects\6\PhysicsProject6\BulletPhysics\Physics\Bullet\Bullet\BulletCollision\Gimpact\gim_math.h(35,10): fatal error C1083: Cannot open include file: 'LinearMath/btScalar.h': No such file or directory
  gim_tri_collision.cpp
C:\Users\Ryan\Desktop\INFO - 6022\Projects\6\PhysicsProject6\BulletPhysics\Physics\Bullet\Bullet\BulletCollision\Gimpact\gim_math.h(35,10): fatal error C1083: Cannot open include file: 'LinearMath/btScalar.h': No such file or directory
  btContinuousConvexCollision.cpp
C:\Users\Ryan\Desktop\INFO - 6022\Projects\6\PhysicsProject6\BulletPhysics\Physics\Bullet\Bullet\BulletCollision\NarrowPhaseCollision\btConvexCast.h(19,10): fatal error C1083: Cannot open include file: 'LinearMath/btTransform.h': No such file or directory
  btConvexCast.cpp
C:\Users\Ryan\Desktop\INFO - 6022\Projects\6\PhysicsProject6\BulletPhysics\Physics\Bullet\Bullet\BulletCollision\NarrowPhaseCollision\btConvexCast.h(19,10): fatal error C1083: Cannot open include file: 'LinearMath/btTransform.h': No such file or directory
  btGjkConvexCast.cpp
C:\Users\Ryan\Desktop\INFO - 6022\Projects\6\PhysicsProject6\BulletPhysics\Physics\Bullet\Bullet\BulletCollision\NarrowPhaseCollision\btGjkConvexCast.h(19,10): fatal error C1083: Cannot open include file: 'BulletCollision/CollisionShapes/btCollisionMargin.h': No such file or directory
  btGjkEpa2.cpp
C:\Users\Ryan\Desktop\INFO - 6022\Projects\6\PhysicsProject6\BulletPhysics\Physics\Bullet\Bullet\BulletCollision\NarrowPhaseCollision\btGjkEpa2.cpp(25,10): fatal error C1083: Cannot open include file: 'BulletCollision/CollisionShapes/btConvexInternalShape.h': No such file or directory
  btGjkEpaPenetrationDepthSolver.cpp
C:\Users\Ryan\Desktop\INFO - 6022\Projects\6\PhysicsProject6\BulletPhysics\Physics\Bullet\Bullet\BulletCollision\NarrowPhaseCollision\btGjkEpaPenetrationDepthSolver.cpp(18,10): fatal error C1083: Cannot open include file: 'BulletCollision/CollisionShapes/btConvexShape.h': No such file or directory
  btGjkPairDetector.cpp
C:\Users\Ryan\Desktop\INFO - 6022\Projects\6\PhysicsProject6\BulletPhysics\Physics\Bullet\Bullet\BulletCollision\NarrowPhaseCollision\btDiscreteCollisionDetectorInterface.h(19,10): fatal error C1083: Cannot open include file: 'LinearMath/btTransform.h': No such file or directory
  btMinkowskiPenetrationDepthSolver.cpp
C:\Users\Ryan\Desktop\INFO - 6022\Projects\6\PhysicsProject6\BulletPhysics\Physics\Bullet\Bullet\BulletCollision\NarrowPhaseCollision\btSimplexSolverInterface.h(19,10): fatal error C1083: Cannot open include file: 'LinearMath/btVector3.h': No such file or directory
  btPersistentManifold.cpp
C:\Users\Ryan\Desktop\INFO - 6022\Projects\6\PhysicsProject6\BulletPhysics\Physics\Bullet\Bullet\BulletCollision\NarrowPhaseCollision\btPersistentManifold.h(19,10): fatal error C1083: Cannot open include file: 'LinearMath/btVector3.h': No such file or directory
  btPolyhedralContactClipping.cpp
C:\Users\Ryan\Desktop\INFO - 6022\Projects\6\PhysicsProject6\BulletPhysics\Physics\Bullet\Bullet\BulletCollision\NarrowPhaseCollision\btPolyhedralContactClipping.h(21,10): fatal error C1083: Cannot open include file: 'LinearMath/btAlignedObjectArray.h': No such file or directory
  btRaycastCallback.cpp
C:\Users\Ryan\Desktop\INFO - 6022\Projects\6\PhysicsProject6\BulletPhysics\Physics\Bullet\Bullet\BulletCollision\NarrowPhaseCollision\btRaycastCallback.cpp(18,10): fatal error C1083: Cannot open include file: 'BulletCollision/CollisionShapes/btConvexShape.h': No such file or directory
  btSubSimplexConvexCast.cpp
C:\Users\Ryan\Desktop\INFO - 6022\Projects\6\PhysicsProject6\BulletPhysics\Physics\Bullet\Bullet\BulletCollision\NarrowPhaseCollision\btConvexCast.h(19,10): fatal error C1083: Cannot open include file: 'LinearMath/btTransform.h': No such file or directory
  btVoronoiSimplexSolver.cpp
C:\Users\Ryan\Desktop\INFO - 6022\Projects\6\PhysicsProject6\BulletPhysics\Physics\Bullet\Bullet\BulletCollision\NarrowPhaseCollision\btSimplexSolverInterface.h(19,10): fatal error C1083: Cannot open include file: 'LinearMath/btVector3.h': No such file or directory
  btKinematicCharacterController.cpp
C:\Users\Ryan\Desktop\INFO - 6022\Projects\6\PhysicsProject6\BulletPhysics\Physics\Bullet\Bullet\BulletDynamics\Character\btKinematicCharacterController.cpp(17,10): fatal error C1083: Cannot open include file: 'LinearMath/btIDebugDraw.h': No such file or directory
  btBatchedConstraints.cpp
C:\Users\Ryan\Desktop\INFO - 6022\Projects\6\PhysicsProject6\BulletPhysics\Physics\Bullet\Bullet\BulletDynamics\ConstraintSolver\btBatchedConstraints.h(19,10): fatal error C1083: Cannot open include file: 'LinearMath/btThreads.h': No such file or directory
  btConeTwistConstraint.cpp
C:\Users\Ryan\Desktop\INFO - 6022\Projects\6\PhysicsProject6\BulletPhysics\Physics\Bullet\Bullet\BulletDynamics\ConstraintSolver\btConeTwistConstraint.h(35,10): fatal error C1083: Cannot open include file: 'LinearMath/btVector3.h': No such file or directory
  Generating Code...
  Compiling...
  btContactConstraint.cpp
C:\Users\Ryan\Desktop\INFO - 6022\Projects\6\PhysicsProject6\BulletPhysics\Physics\Bullet\Bullet\BulletDynamics\ConstraintSolver\btContactConstraint.h(19,10): fatal error C1083: Cannot open include file: 'LinearMath/btVector3.h': No such file or directory
  btFixedConstraint.cpp
C:\Users\Ryan\Desktop\INFO - 6022\Projects\6\PhysicsProject6\BulletPhysics\Physics\Bullet\Bullet\BulletDynamics\ConstraintSolver\btGeneric6DofSpring2Constraint.h(43,10): fatal error C1083: Cannot open include file: 'LinearMath/btVector3.h': No such file or directory
  btGearConstraint.cpp
C:\Users\Ryan\Desktop\INFO - 6022\Projects\6\PhysicsProject6\BulletPhysics\Physics\Bullet\Bullet\BulletDynamics\ConstraintSolver\btGearConstraint.h(19,10): fatal error C1083: Cannot open include file: 'BulletDynamics/ConstraintSolver/btTypedConstraint.h': No such file or directory
  btGeneric6DofConstraint.cpp
C:\Users\Ryan\Desktop\INFO - 6022\Projects\6\PhysicsProject6\BulletPhysics\Physics\Bullet\Bullet\BulletDynamics\ConstraintSolver\btGeneric6DofConstraint.h(29,10): fatal error C1083: Cannot open include file: 'LinearMath/btVector3.h': No such file or directory
  btGeneric6DofSpring2Constraint.cpp
C:\Users\Ryan\Desktop\INFO - 6022\Projects\6\PhysicsProject6\BulletPhysics\Physics\Bullet\Bullet\BulletDynamics\ConstraintSolver\btGeneric6DofSpring2Constraint.h(43,10): fatal error C1083: Cannot open include file: 'LinearMath/btVector3.h': No such file or directory
  btGeneric6DofSpringConstraint.cpp
C:\Users\Ryan\Desktop\INFO - 6022\Projects\6\PhysicsProject6\BulletPhysics\Physics\Bullet\Bullet\BulletDynamics\ConstraintSolver\btGeneric6DofSpringConstraint.h(19,10): fatal error C1083: Cannot open include file: 'LinearMath/btVector3.h': No such file or directory
  btHinge2Constraint.cpp
C:\Users\Ryan\Desktop\INFO - 6022\Projects\6\PhysicsProject6\BulletPhysics\Physics\Bullet\Bullet\BulletDynamics\ConstraintSolver\btHinge2Constraint.h(19,10): fatal error C1083: Cannot open include file: 'LinearMath/btVector3.h': No such file or directory
  btHingeConstraint.cpp
C:\Users\Ryan\Desktop\INFO - 6022\Projects\6\PhysicsProject6\BulletPhysics\Physics\Bullet\Bullet\BulletDynamics\ConstraintSolver\btHingeConstraint.h(23,10): fatal error C1083: Cannot open include file: 'LinearMath/btVector3.h': No such file or directory
  btNNCGConstraintSolver.cpp
C:\Users\Ryan\Desktop\INFO - 6022\Projects\6\PhysicsProject6\BulletPhysics\Physics\Bullet\Bullet\BulletDynamics\ConstraintSolver\btSequentialImpulseConstraintSolver.h(23,10): fatal error C1083: Cannot open include file: 'BulletDynamics/ConstraintSolver/btTypedConstraint.h': No such file or directory
  btPoint2PointConstraint.cpp
C:\Users\Ryan\Desktop\INFO - 6022\Projects\6\PhysicsProject6\BulletPhysics\Physics\Bullet\Bullet\BulletDynamics\ConstraintSolver\btPoint2PointConstraint.h(19,10): fatal error C1083: Cannot open include file: 'LinearMath/btVector3.h': No such file or directory
  btSequentialImpulseConstraintSolver.cpp
C:\Users\Ryan\Desktop\INFO - 6022\Projects\6\PhysicsProject6\BulletPhysics\Physics\Bullet\Bullet\BulletDynamics\ConstraintSolver\btSequentialImpulseConstraintSolver.h(23,10): fatal error C1083: Cannot open include file: 'BulletDynamics/ConstraintSolver/btTypedConstraint.h': No such file or directory
  btSequentialImpulseConstraintSolverMt.cpp
C:\Users\Ryan\Desktop\INFO - 6022\Projects\6\PhysicsProject6\BulletPhysics\Physics\Bullet\Bullet\BulletDynamics\ConstraintSolver\btSequentialImpulseConstraintSolver.h(23,10): fatal error C1083: Cannot open include file: 'BulletDynamics/ConstraintSolver/btTypedConstraint.h': No such file or directory
  btSliderConstraint.cpp
C:\Users\Ryan\Desktop\INFO - 6022\Projects\6\PhysicsProject6\BulletPhysics\Physics\Bullet\Bullet\BulletDynamics\ConstraintSolver\btSliderConstraint.h(28,10): fatal error C1083: Cannot open include file: 'LinearMath/btScalar.h': No such file or directory
  btSolve2LinearConstraint.cpp
C:\Users\Ryan\Desktop\INFO - 6022\Projects\6\PhysicsProject6\BulletPhysics\Physics\Bullet\Bullet\BulletDynamics\ConstraintSolver\btSolve2LinearConstraint.h(19,10): fatal error C1083: Cannot open include file: 'LinearMath/btMatrix3x3.h': No such file or directory
  btTypedConstraint.cpp
C:\Users\Ryan\Desktop\INFO - 6022\Projects\6\PhysicsProject6\BulletPhysics\Physics\Bullet\Bullet\BulletDynamics\ConstraintSolver\btTypedConstraint.h(19,10): fatal error C1083: Cannot open include file: 'LinearMath/btScalar.h': No such file or directory
  btUniversalConstraint.cpp
C:\Users\Ryan\Desktop\INFO - 6022\Projects\6\PhysicsProject6\BulletPhysics\Physics\Bullet\Bullet\BulletDynamics\ConstraintSolver\btUniversalConstraint.h(19,10): fatal error C1083: Cannot open include file: 'LinearMath/btVector3.h': No such file or directory
  btDiscreteDynamicsWorld.cpp
C:\Users\Ryan\Desktop\INFO - 6022\Projects\6\PhysicsProject6\BulletPhysics\Physics\Bullet\Bullet\BulletDynamics\Dynamics\btDynamicsWorld.h(19,10): fatal error C1083: Cannot open include file: 'BulletCollision/CollisionDispatch/btCollisionWorld.h': No such file or directory
  btDiscreteDynamicsWorldMt.cpp
C:\Users\Ryan\Desktop\INFO - 6022\Projects\6\PhysicsProject6\BulletPhysics\Physics\Bullet\Bullet\BulletDynamics\Dynamics\btDynamicsWorld.h(19,10): fatal error C1083: Cannot open include file: 'BulletCollision/CollisionDispatch/btCollisionWorld.h': No such file or directory
  btRigidBody.cpp
C:\Users\Ryan\Desktop\INFO - 6022\Projects\6\PhysicsProject6\BulletPhysics\Physics\Bullet\Bullet\BulletDynamics\Dynamics\btRigidBody.h(19,10): fatal error C1083: Cannot open include file: 'LinearMath/btAlignedObjectArray.h': No such file or directory
  btSimpleDynamicsWorld.cpp
C:\Users\Ryan\Desktop\INFO - 6022\Projects\6\PhysicsProject6\BulletPhysics\Physics\Bullet\Bullet\BulletDynamics\Dynamics\btDynamicsWorld.h(19,10): fatal error C1083: Cannot open include file: 'BulletCollision/CollisionDispatch/btCollisionWorld.h': No such file or directory
  Generating Code...
  Compiling...
  btSimulationIslandManagerMt.cpp
C:\Users\Ryan\Desktop\INFO - 6022\Projects\6\PhysicsProject6\BulletPhysics\Physics\Bullet\Bullet\BulletDynamics\Dynamics\btSimulationIslandManagerMt.cpp(16,10): fatal error C1083: Cannot open include file: 'LinearMath/btScalar.h': No such file or directory
  btMultiBody.cpp
C:\Users\Ryan\Desktop\INFO - 6022\Projects\6\PhysicsProject6\BulletPhysics\Physics\Bullet\Bullet\BulletDynamics\Featherstone\btMultiBody.h(27,10): fatal error C1083: Cannot open include file: 'LinearMath/btScalar.h': No such file or directory
  btMultiBodyConstraint.cpp
C:\Users\Ryan\Desktop\INFO - 6022\Projects\6\PhysicsProject6\BulletPhysics\Physics\Bullet\Bullet\BulletDynamics\Featherstone\btMultiBodyConstraint.h(19,10): fatal error C1083: Cannot open include file: 'LinearMath/btScalar.h': No such file or directory
  btMultiBodyConstraintSolver.cpp
C:\Users\Ryan\Desktop\INFO - 6022\Projects\6\PhysicsProject6\BulletPhysics\Physics\Bullet\Bullet\BulletDynamics\Featherstone\btMultiBodyConstraintSolver.h(19,10): fatal error C1083: Cannot open include file: 'BulletDynamics/ConstraintSolver/btSequentialImpulseConstraintSolver.h': No such file or directory
  btMultiBodyDynamicsWorld.cpp
C:\Users\Ryan\Desktop\INFO - 6022\Projects\6\PhysicsProject6\BulletPhysics\Physics\Bullet\Bullet\BulletDynamics\Featherstone\btMultiBodyDynamicsWorld.h(19,10): fatal error C1083: Cannot open include file: 'BulletDynamics/Dynamics/btDiscreteDynamicsWorld.h': No such file or directory
  btMultiBodyFixedConstraint.cpp
C:\Users\Ryan\Desktop\INFO - 6022\Projects\6\PhysicsProject6\BulletPhysics\Physics\Bullet\Bullet\BulletDynamics\Featherstone\btMultiBodyConstraint.h(19,10): fatal error C1083: Cannot open include file: 'LinearMath/btScalar.h': No such file or directory
  btMultiBodyGearConstraint.cpp
C:\Users\Ryan\Desktop\INFO - 6022\Projects\6\PhysicsProject6\BulletPhysics\Physics\Bullet\Bullet\BulletDynamics\Featherstone\btMultiBodyConstraint.h(19,10): fatal error C1083: Cannot open include file: 'LinearMath/btScalar.h': No such file or directory
  btMultiBodyJointLimitConstraint.cpp
C:\Users\Ryan\Desktop\INFO - 6022\Projects\6\PhysicsProject6\BulletPhysics\Physics\Bullet\Bullet\BulletDynamics\Featherstone\btMultiBodyConstraint.h(19,10): fatal error C1083: Cannot open include file: 'LinearMath/btScalar.h': No such file or directory
  btMultiBodyJointMotor.cpp
C:\Users\Ryan\Desktop\INFO - 6022\Projects\6\PhysicsProject6\BulletPhysics\Physics\Bullet\Bullet\BulletDynamics\Featherstone\btMultiBodyConstraint.h(19,10): fatal error C1083: Cannot open include file: 'LinearMath/btScalar.h': No such file or directory
  btMultiBodyMLCPConstraintSolver.cpp
C:\Users\Ryan\Desktop\INFO - 6022\Projects\6\PhysicsProject6\BulletPhysics\Physics\Bullet\Bullet\BulletDynamics\Featherstone\btMultiBodyMLCPConstraintSolver.cpp(16,10): fatal error C1083: Cannot open include file: 'BulletDynamics/Featherstone/btMultiBodyMLCPConstraintSolver.h': No such file or directory
  btMultiBodyPoint2Point.cpp
C:\Users\Ryan\Desktop\INFO - 6022\Projects\6\PhysicsProject6\BulletPhysics\Physics\Bullet\Bullet\BulletDynamics\Featherstone\btMultiBodyConstraint.h(19,10): fatal error C1083: Cannot open include file: 'LinearMath/btScalar.h': No such file or directory
  btMultiBodySliderConstraint.cpp
C:\Users\Ryan\Desktop\INFO - 6022\Projects\6\PhysicsProject6\BulletPhysics\Physics\Bullet\Bullet\BulletDynamics\Featherstone\btMultiBodyConstraint.h(19,10): fatal error C1083: Cannot open include file: 'LinearMath/btScalar.h': No such file or directory
  btMultiBodySphericalJointMotor.cpp
C:\Users\Ryan\Desktop\INFO - 6022\Projects\6\PhysicsProject6\BulletPhysics\Physics\Bullet\Bullet\BulletDynamics\Featherstone\btMultiBodyConstraint.h(19,10): fatal error C1083: Cannot open include file: 'LinearMath/btScalar.h': No such file or directory
  btDantzigLCP.cpp
C:\Users\Ryan\Desktop\INFO - 6022\Projects\6\PhysicsProject6\BulletPhysics\Physics\Bullet\Bullet\BulletDynamics\MLCPSolvers\btDantzigLCP.h(51,10): fatal error C1083: Cannot open include file: 'LinearMath/btScalar.h': No such file or directory
  btLemkeAlgorithm.cpp
C:\Users\Ryan\Desktop\INFO - 6022\Projects\6\PhysicsProject6\BulletPhysics\Physics\Bullet\Bullet\BulletDynamics\MLCPSolvers\btLemkeAlgorithm.h(25,10): fatal error C1083: Cannot open include file: 'LinearMath/btMatrixX.h': No such file or directory
  btMLCPSolver.cpp
C:\Users\Ryan\Desktop\INFO - 6022\Projects\6\PhysicsProject6\BulletPhysics\Physics\Bullet\Bullet\BulletDynamics\MLCPSolvers\btMLCPSolver.h(20,10): fatal error C1083: Cannot open include file: 'BulletDynamics/ConstraintSolver/btSequentialImpulseConstraintSolver.h': No such file or directory
  btRaycastVehicle.cpp
C:\Users\Ryan\Desktop\INFO - 6022\Projects\6\PhysicsProject6\BulletPhysics\Physics\Bullet\Bullet\BulletDynamics\Vehicle\btRaycastVehicle.cpp(12,10): fatal error C1083: Cannot open include file: 'LinearMath/btVector3.h': No such file or directory
  btWheelInfo.cpp
C:\Users\Ryan\Desktop\INFO - 6022\Projects\6\PhysicsProject6\BulletPhysics\Physics\Bullet\Bullet\BulletDynamics\Vehicle\btWheelInfo.h(14,10): fatal error C1083: Cannot open include file: 'LinearMath/btVector3.h': No such file or directory
  btAlignedAllocator.cpp
  btConvexHull.cpp
  Generating Code...
  Compiling...
  btConvexHullComputer.cpp
  btGeometryUtil.cpp
  btPolarDecomposition.cpp
  btQuickprof.cpp
  btSerializer.cpp
  btSerializer64.cpp
  btThreads.cpp
  btVector3.cpp
  btTaskScheduler.cpp
C:\Users\Ryan\Desktop\INFO - 6022\Projects\6\PhysicsProject6\BulletPhysics\Physics\Bullet\Bullet\LinearMath\TaskScheduler\btTaskScheduler.cpp(2,10): fatal error C1083: Cannot open include file: 'LinearMath/btMinMax.h': No such file or directory
  btThreadSupportPosix.cpp
  btThreadSupportWin32.cpp
  CreatePhysicsFactory.cpp
C:\Users\Ryan\Desktop\INFO - 6022\Projects\6\PhysicsProject6\BulletPhysics\Physics\Bullet\CreatePhysicsFactory.h(8,10): fatal error C1083: Cannot open include file: 'Physics/Interfaces/iPhysicsFactory.h': No such file or directory
  cBulletPhysicsFactory.cpp
C:\Users\Ryan\Desktop\INFO - 6022\Projects\6\PhysicsProject6\BulletPhysics\Physics\Bullet\cBulletPhysicsFactory.h(4,10): fatal error C1083: Cannot open include file: 'Physics/Interfaces/iPhysicsFactory.h': No such file or directory
  cBulletPhysicsWorld.cpp
C:\Users\Ryan\Desktop\INFO - 6022\Projects\6\PhysicsProject6\BulletPhysics\Physics\Bullet\cBulletPhysicsWorld.h(4,10): fatal error C1083: Cannot open include file: 'Physics/Interfaces/iPhysicsWorld.h': No such file or directory
  cBulletRigidBody.cpp
C:\Users\Ryan\Desktop\INFO - 6022\Projects\6\PhysicsProject6\BulletPhysics\Physics\Bullet\cBulletRigidBody.h(6,10): fatal error C1083: Cannot open include file: 'Physics/Interfaces/iShape.h': No such file or directory
  BulletShapes.cpp
C:\Users\Ryan\Desktop\INFO - 6022\Projects\6\PhysicsProject6\BulletPhysics\Physics\Bullet\BulletShapes.h(6,10): fatal error C1083: Cannot open include file: 'Physics/Interfaces/Shapes.h': No such file or directory
  Generating Code...
