c:\users\ryan\desktop\info - 6022\projects\6\physicsproject6\x64\release\bulletphysics.lib
c:\users\ryan\desktop\info - 6022\projects\6\physicsproject6\x64\release\bulletphysics.exp
c:\users\ryan\desktop\info - 6022\projects\6\physicsproject6\x64\release\bulletphysics.ipdb
c:\users\ryan\desktop\info - 6022\projects\6\physicsproject6\x64\release\bulletphysics.iobj
c:\users\ryan\desktop\info - 6022\projects\6\physicsproject6\bulletphysics\x64\release\vc142.pdb
c:\users\ryan\desktop\info - 6022\projects\6\physicsproject6\bulletphysics\x64\release\btcompoundcompoundcollisionalgorithm.obj
c:\users\ryan\desktop\info - 6022\projects\6\physicsproject6\bulletphysics\x64\release\btcompoundcollisionalgorithm.obj
c:\users\ryan\desktop\info - 6022\projects\6\physicsproject6\bulletphysics\x64\release\btcollisionworldimporter.obj
c:\users\ryan\desktop\info - 6022\projects\6\physicsproject6\bulletphysics\x64\release\btcollisionworld.obj
c:\users\ryan\desktop\info - 6022\projects\6\physicsproject6\bulletphysics\x64\release\btcollisionobject.obj
c:\users\ryan\desktop\info - 6022\projects\6\physicsproject6\bulletphysics\x64\release\btcollisiondispatchermt.obj
c:\users\ryan\desktop\info - 6022\projects\6\physicsproject6\bulletphysics\x64\release\btcollisiondispatcher.obj
c:\users\ryan\desktop\info - 6022\projects\6\physicsproject6\bulletphysics\x64\release\btboxboxdetector.obj
c:\users\ryan\desktop\info - 6022\projects\6\physicsproject6\bulletphysics\x64\release\btboxboxcollisionalgorithm.obj
c:\users\ryan\desktop\info - 6022\projects\6\physicsproject6\bulletphysics\x64\release\btbox2dbox2dcollisionalgorithm.obj
c:\users\ryan\desktop\info - 6022\projects\6\physicsproject6\bulletphysics\x64\release\btactivatingcollisionalgorithm.obj
c:\users\ryan\desktop\info - 6022\projects\6\physicsproject6\bulletphysics\x64\release\btsimplebroadphase.obj
c:\users\ryan\desktop\info - 6022\projects\6\physicsproject6\bulletphysics\x64\release\btquantizedbvh.obj
c:\users\ryan\desktop\info - 6022\projects\6\physicsproject6\bulletphysics\x64\release\btoverlappingpaircache.obj
c:\users\ryan\desktop\info - 6022\projects\6\physicsproject6\bulletphysics\x64\release\btdispatcher.obj
c:\users\ryan\desktop\info - 6022\projects\6\physicsproject6\bulletphysics\x64\release\btdbvtbroadphase.obj
c:\users\ryan\desktop\info - 6022\projects\6\physicsproject6\bulletphysics\x64\release\btdbvt.obj
c:\users\ryan\desktop\info - 6022\projects\6\physicsproject6\bulletphysics\x64\release\btcollisionalgorithm.obj
c:\users\ryan\desktop\info - 6022\projects\6\physicsproject6\bulletphysics\x64\release\btbroadphaseproxy.obj
c:\users\ryan\desktop\info - 6022\projects\6\physicsproject6\bulletphysics\x64\release\btaxissweep3.obj
c:\users\ryan\desktop\info - 6022\projects\6\physicsproject6\bulletphysics\x64\release\btcapsuleshape.obj
c:\users\ryan\desktop\info - 6022\projects\6\physicsproject6\bulletphysics\x64\release\btbvhtrianglemeshshape.obj
c:\users\ryan\desktop\info - 6022\projects\6\physicsproject6\bulletphysics\x64\release\btboxshape.obj
c:\users\ryan\desktop\info - 6022\projects\6\physicsproject6\bulletphysics\x64\release\btbox2dshape.obj
c:\users\ryan\desktop\info - 6022\projects\6\physicsproject6\bulletphysics\x64\release\spheretriangledetector.obj
c:\users\ryan\desktop\info - 6022\projects\6\physicsproject6\bulletphysics\x64\release\btunionfind.obj
c:\users\ryan\desktop\info - 6022\projects\6\physicsproject6\bulletphysics\x64\release\btspheretrianglecollisionalgorithm.obj
c:\users\ryan\desktop\info - 6022\projects\6\physicsproject6\bulletphysics\x64\release\btspherespherecollisionalgorithm.obj
c:\users\ryan\desktop\info - 6022\projects\6\physicsproject6\bulletphysics\x64\release\btsphereboxcollisionalgorithm.obj
c:\users\ryan\desktop\info - 6022\projects\6\physicsproject6\bulletphysics\x64\release\btsimulationislandmanager.obj
c:\users\ryan\desktop\info - 6022\projects\6\physicsproject6\bulletphysics\x64\release\btmanifoldresult.obj
c:\users\ryan\desktop\info - 6022\projects\6\physicsproject6\bulletphysics\x64\release\btinternaledgeutility.obj
c:\users\ryan\desktop\info - 6022\projects\6\physicsproject6\bulletphysics\x64\release\bthashedsimplepaircache.obj
c:\users\ryan\desktop\info - 6022\projects\6\physicsproject6\bulletphysics\x64\release\btghostobject.obj
c:\users\ryan\desktop\info - 6022\projects\6\physicsproject6\bulletphysics\x64\release\btemptycollisionalgorithm.obj
c:\users\ryan\desktop\info - 6022\projects\6\physicsproject6\bulletphysics\x64\release\btdefaultcollisionconfiguration.obj
c:\users\ryan\desktop\info - 6022\projects\6\physicsproject6\bulletphysics\x64\release\btconvexplanecollisionalgorithm.obj
c:\users\ryan\desktop\info - 6022\projects\6\physicsproject6\bulletphysics\x64\release\btconvexconvexalgorithm.obj
c:\users\ryan\desktop\info - 6022\projects\6\physicsproject6\bulletphysics\x64\release\btconvexconcavecollisionalgorithm.obj
c:\users\ryan\desktop\info - 6022\projects\6\physicsproject6\bulletphysics\x64\release\btconvex2dconvex2dalgorithm.obj
c:\users\ryan\desktop\info - 6022\projects\6\physicsproject6\bulletphysics\x64\release\btpolyhedralconvexshape.obj
c:\users\ryan\desktop\info - 6022\projects\6\physicsproject6\bulletphysics\x64\release\btoptimizedbvh.obj
c:\users\ryan\desktop\info - 6022\projects\6\physicsproject6\bulletphysics\x64\release\btmultisphereshape.obj
c:\users\ryan\desktop\info - 6022\projects\6\physicsproject6\bulletphysics\x64\release\btmultimaterialtrianglemeshshape.obj
c:\users\ryan\desktop\info - 6022\projects\6\physicsproject6\bulletphysics\x64\release\btminkowskisumshape.obj
c:\users\ryan\desktop\info - 6022\projects\6\physicsproject6\bulletphysics\x64\release\btminisdf.obj
c:\users\ryan\desktop\info - 6022\projects\6\physicsproject6\bulletphysics\x64\release\btheightfieldterrainshape.obj
c:\users\ryan\desktop\info - 6022\projects\6\physicsproject6\bulletphysics\x64\release\btemptyshape.obj
c:\users\ryan\desktop\info - 6022\projects\6\physicsproject6\bulletphysics\x64\release\btcylindershape.obj
c:\users\ryan\desktop\info - 6022\projects\6\physicsproject6\bulletphysics\x64\release\btconvextrianglemeshshape.obj
c:\users\ryan\desktop\info - 6022\projects\6\physicsproject6\bulletphysics\x64\release\btconvexshape.obj
c:\users\ryan\desktop\info - 6022\projects\6\physicsproject6\bulletphysics\x64\release\btconvexpolyhedron.obj
c:\users\ryan\desktop\info - 6022\projects\6\physicsproject6\bulletphysics\x64\release\btconvexpointcloudshape.obj
c:\users\ryan\desktop\info - 6022\projects\6\physicsproject6\bulletphysics\x64\release\btconvexinternalshape.obj
c:\users\ryan\desktop\info - 6022\projects\6\physicsproject6\bulletphysics\x64\release\btconvexhullshape.obj
c:\users\ryan\desktop\info - 6022\projects\6\physicsproject6\bulletphysics\x64\release\btconvex2dshape.obj
c:\users\ryan\desktop\info - 6022\projects\6\physicsproject6\bulletphysics\x64\release\btconeshape.obj
c:\users\ryan\desktop\info - 6022\projects\6\physicsproject6\bulletphysics\x64\release\btconcaveshape.obj
c:\users\ryan\desktop\info - 6022\projects\6\physicsproject6\bulletphysics\x64\release\btcompoundshape.obj
c:\users\ryan\desktop\info - 6022\projects\6\physicsproject6\bulletphysics\x64\release\btcollisionshape.obj
c:\users\ryan\desktop\info - 6022\projects\6\physicsproject6\bulletphysics\x64\release\btgimpactshape.obj
c:\users\ryan\desktop\info - 6022\projects\6\physicsproject6\bulletphysics\x64\release\btgimpactquantizedbvh.obj
c:\users\ryan\desktop\info - 6022\projects\6\physicsproject6\bulletphysics\x64\release\btgimpactcollisionalgorithm.obj
c:\users\ryan\desktop\info - 6022\projects\6\physicsproject6\bulletphysics\x64\release\btgimpactbvh.obj
c:\users\ryan\desktop\info - 6022\projects\6\physicsproject6\bulletphysics\x64\release\btgenericpoolallocator.obj
c:\users\ryan\desktop\info - 6022\projects\6\physicsproject6\bulletphysics\x64\release\btcontactprocessing.obj
c:\users\ryan\desktop\info - 6022\projects\6\physicsproject6\bulletphysics\x64\release\btuniformscalingshape.obj
c:\users\ryan\desktop\info - 6022\projects\6\physicsproject6\bulletphysics\x64\release\bttrianglemeshshape.obj
c:\users\ryan\desktop\info - 6022\projects\6\physicsproject6\bulletphysics\x64\release\bttrianglemesh.obj
c:\users\ryan\desktop\info - 6022\projects\6\physicsproject6\bulletphysics\x64\release\bttriangleindexvertexmaterialarray.obj
c:\users\ryan\desktop\info - 6022\projects\6\physicsproject6\bulletphysics\x64\release\bttriangleindexvertexarray.obj
c:\users\ryan\desktop\info - 6022\projects\6\physicsproject6\bulletphysics\x64\release\bttrianglecallback.obj
c:\users\ryan\desktop\info - 6022\projects\6\physicsproject6\bulletphysics\x64\release\bttrianglebuffer.obj
c:\users\ryan\desktop\info - 6022\projects\6\physicsproject6\bulletphysics\x64\release\bttetrahedronshape.obj
c:\users\ryan\desktop\info - 6022\projects\6\physicsproject6\bulletphysics\x64\release\btstridingmeshinterface.obj
c:\users\ryan\desktop\info - 6022\projects\6\physicsproject6\bulletphysics\x64\release\btstaticplaneshape.obj
c:\users\ryan\desktop\info - 6022\projects\6\physicsproject6\bulletphysics\x64\release\btsphereshape.obj
c:\users\ryan\desktop\info - 6022\projects\6\physicsproject6\bulletphysics\x64\release\btshapehull.obj
c:\users\ryan\desktop\info - 6022\projects\6\physicsproject6\bulletphysics\x64\release\btsdfcollisionshape.obj
c:\users\ryan\desktop\info - 6022\projects\6\physicsproject6\bulletphysics\x64\release\btscaledbvhtrianglemeshshape.obj
c:\users\ryan\desktop\info - 6022\projects\6\physicsproject6\bulletphysics\x64\release\btconetwistconstraint.obj
c:\users\ryan\desktop\info - 6022\projects\6\physicsproject6\bulletphysics\x64\release\btbatchedconstraints.obj
c:\users\ryan\desktop\info - 6022\projects\6\physicsproject6\bulletphysics\x64\release\btkinematiccharactercontroller.obj
c:\users\ryan\desktop\info - 6022\projects\6\physicsproject6\bulletphysics\x64\release\btvoronoisimplexsolver.obj
c:\users\ryan\desktop\info - 6022\projects\6\physicsproject6\bulletphysics\x64\release\btsubsimplexconvexcast.obj
c:\users\ryan\desktop\info - 6022\projects\6\physicsproject6\bulletphysics\x64\release\btraycastcallback.obj
c:\users\ryan\desktop\info - 6022\projects\6\physicsproject6\bulletphysics\x64\release\btpolyhedralcontactclipping.obj
c:\users\ryan\desktop\info - 6022\projects\6\physicsproject6\bulletphysics\x64\release\btpersistentmanifold.obj
c:\users\ryan\desktop\info - 6022\projects\6\physicsproject6\bulletphysics\x64\release\btminkowskipenetrationdepthsolver.obj
c:\users\ryan\desktop\info - 6022\projects\6\physicsproject6\bulletphysics\x64\release\btgjkpairdetector.obj
c:\users\ryan\desktop\info - 6022\projects\6\physicsproject6\bulletphysics\x64\release\btgjkepapenetrationdepthsolver.obj
c:\users\ryan\desktop\info - 6022\projects\6\physicsproject6\bulletphysics\x64\release\btgjkepa2.obj
c:\users\ryan\desktop\info - 6022\projects\6\physicsproject6\bulletphysics\x64\release\btgjkconvexcast.obj
c:\users\ryan\desktop\info - 6022\projects\6\physicsproject6\bulletphysics\x64\release\btconvexcast.obj
c:\users\ryan\desktop\info - 6022\projects\6\physicsproject6\bulletphysics\x64\release\btcontinuousconvexcollision.obj
c:\users\ryan\desktop\info - 6022\projects\6\physicsproject6\bulletphysics\x64\release\gim_tri_collision.obj
c:\users\ryan\desktop\info - 6022\projects\6\physicsproject6\bulletphysics\x64\release\gim_memory.obj
c:\users\ryan\desktop\info - 6022\projects\6\physicsproject6\bulletphysics\x64\release\gim_contact.obj
c:\users\ryan\desktop\info - 6022\projects\6\physicsproject6\bulletphysics\x64\release\gim_box_set.obj
c:\users\ryan\desktop\info - 6022\projects\6\physicsproject6\bulletphysics\x64\release\bttriangleshapeex.obj
c:\users\ryan\desktop\info - 6022\projects\6\physicsproject6\bulletphysics\x64\release\btsimpledynamicsworld.obj
c:\users\ryan\desktop\info - 6022\projects\6\physicsproject6\bulletphysics\x64\release\btrigidbody.obj
c:\users\ryan\desktop\info - 6022\projects\6\physicsproject6\bulletphysics\x64\release\btdiscretedynamicsworldmt.obj
c:\users\ryan\desktop\info - 6022\projects\6\physicsproject6\bulletphysics\x64\release\btdiscretedynamicsworld.obj
c:\users\ryan\desktop\info - 6022\projects\6\physicsproject6\bulletphysics\x64\release\btuniversalconstraint.obj
c:\users\ryan\desktop\info - 6022\projects\6\physicsproject6\bulletphysics\x64\release\bttypedconstraint.obj
c:\users\ryan\desktop\info - 6022\projects\6\physicsproject6\bulletphysics\x64\release\btsolve2linearconstraint.obj
c:\users\ryan\desktop\info - 6022\projects\6\physicsproject6\bulletphysics\x64\release\btsliderconstraint.obj
c:\users\ryan\desktop\info - 6022\projects\6\physicsproject6\bulletphysics\x64\release\btsequentialimpulseconstraintsolvermt.obj
c:\users\ryan\desktop\info - 6022\projects\6\physicsproject6\bulletphysics\x64\release\btsequentialimpulseconstraintsolver.obj
c:\users\ryan\desktop\info - 6022\projects\6\physicsproject6\bulletphysics\x64\release\btpoint2pointconstraint.obj
c:\users\ryan\desktop\info - 6022\projects\6\physicsproject6\bulletphysics\x64\release\btnncgconstraintsolver.obj
c:\users\ryan\desktop\info - 6022\projects\6\physicsproject6\bulletphysics\x64\release\bthingeconstraint.obj
c:\users\ryan\desktop\info - 6022\projects\6\physicsproject6\bulletphysics\x64\release\bthinge2constraint.obj
c:\users\ryan\desktop\info - 6022\projects\6\physicsproject6\bulletphysics\x64\release\btgeneric6dofspringconstraint.obj
c:\users\ryan\desktop\info - 6022\projects\6\physicsproject6\bulletphysics\x64\release\btgeneric6dofspring2constraint.obj
c:\users\ryan\desktop\info - 6022\projects\6\physicsproject6\bulletphysics\x64\release\btgeneric6dofconstraint.obj
c:\users\ryan\desktop\info - 6022\projects\6\physicsproject6\bulletphysics\x64\release\btgearconstraint.obj
c:\users\ryan\desktop\info - 6022\projects\6\physicsproject6\bulletphysics\x64\release\btfixedconstraint.obj
c:\users\ryan\desktop\info - 6022\projects\6\physicsproject6\bulletphysics\x64\release\btcontactconstraint.obj
c:\users\ryan\desktop\info - 6022\projects\6\physicsproject6\bulletphysics\x64\release\btconvexhull.obj
c:\users\ryan\desktop\info - 6022\projects\6\physicsproject6\bulletphysics\x64\release\btalignedallocator.obj
c:\users\ryan\desktop\info - 6022\projects\6\physicsproject6\bulletphysics\x64\release\btwheelinfo.obj
c:\users\ryan\desktop\info - 6022\projects\6\physicsproject6\bulletphysics\x64\release\btraycastvehicle.obj
c:\users\ryan\desktop\info - 6022\projects\6\physicsproject6\bulletphysics\x64\release\btmlcpsolver.obj
c:\users\ryan\desktop\info - 6022\projects\6\physicsproject6\bulletphysics\x64\release\btlemkealgorithm.obj
c:\users\ryan\desktop\info - 6022\projects\6\physicsproject6\bulletphysics\x64\release\btdantziglcp.obj
c:\users\ryan\desktop\info - 6022\projects\6\physicsproject6\bulletphysics\x64\release\btmultibodysphericaljointmotor.obj
c:\users\ryan\desktop\info - 6022\projects\6\physicsproject6\bulletphysics\x64\release\btmultibodysliderconstraint.obj
c:\users\ryan\desktop\info - 6022\projects\6\physicsproject6\bulletphysics\x64\release\btmultibodypoint2point.obj
c:\users\ryan\desktop\info - 6022\projects\6\physicsproject6\bulletphysics\x64\release\btmultibodymlcpconstraintsolver.obj
c:\users\ryan\desktop\info - 6022\projects\6\physicsproject6\bulletphysics\x64\release\btmultibodyjointmotor.obj
c:\users\ryan\desktop\info - 6022\projects\6\physicsproject6\bulletphysics\x64\release\btmultibodyjointlimitconstraint.obj
c:\users\ryan\desktop\info - 6022\projects\6\physicsproject6\bulletphysics\x64\release\btmultibodygearconstraint.obj
c:\users\ryan\desktop\info - 6022\projects\6\physicsproject6\bulletphysics\x64\release\btmultibodyfixedconstraint.obj
c:\users\ryan\desktop\info - 6022\projects\6\physicsproject6\bulletphysics\x64\release\btmultibodydynamicsworld.obj
c:\users\ryan\desktop\info - 6022\projects\6\physicsproject6\bulletphysics\x64\release\btmultibodyconstraintsolver.obj
c:\users\ryan\desktop\info - 6022\projects\6\physicsproject6\bulletphysics\x64\release\btmultibodyconstraint.obj
c:\users\ryan\desktop\info - 6022\projects\6\physicsproject6\bulletphysics\x64\release\btmultibody.obj
c:\users\ryan\desktop\info - 6022\projects\6\physicsproject6\bulletphysics\x64\release\btsimulationislandmanagermt.obj
c:\users\ryan\desktop\info - 6022\projects\6\physicsproject6\bulletphysics\x64\release\bulletshapes.obj
c:\users\ryan\desktop\info - 6022\projects\6\physicsproject6\bulletphysics\x64\release\cbulletrigidbody.obj
c:\users\ryan\desktop\info - 6022\projects\6\physicsproject6\bulletphysics\x64\release\cbulletphysicsworld.obj
c:\users\ryan\desktop\info - 6022\projects\6\physicsproject6\bulletphysics\x64\release\cbulletphysicsfactory.obj
c:\users\ryan\desktop\info - 6022\projects\6\physicsproject6\bulletphysics\x64\release\createphysicsfactory.obj
c:\users\ryan\desktop\info - 6022\projects\6\physicsproject6\bulletphysics\x64\release\btthreadsupportwin32.obj
c:\users\ryan\desktop\info - 6022\projects\6\physicsproject6\bulletphysics\x64\release\btthreadsupportposix.obj
c:\users\ryan\desktop\info - 6022\projects\6\physicsproject6\bulletphysics\x64\release\bttaskscheduler.obj
c:\users\ryan\desktop\info - 6022\projects\6\physicsproject6\bulletphysics\x64\release\btvector3.obj
c:\users\ryan\desktop\info - 6022\projects\6\physicsproject6\bulletphysics\x64\release\btthreads.obj
c:\users\ryan\desktop\info - 6022\projects\6\physicsproject6\bulletphysics\x64\release\btserializer64.obj
c:\users\ryan\desktop\info - 6022\projects\6\physicsproject6\bulletphysics\x64\release\btserializer.obj
c:\users\ryan\desktop\info - 6022\projects\6\physicsproject6\bulletphysics\x64\release\btquickprof.obj
c:\users\ryan\desktop\info - 6022\projects\6\physicsproject6\bulletphysics\x64\release\btpolardecomposition.obj
c:\users\ryan\desktop\info - 6022\projects\6\physicsproject6\bulletphysics\x64\release\btgeometryutil.obj
c:\users\ryan\desktop\info - 6022\projects\6\physicsproject6\bulletphysics\x64\release\btconvexhullcomputer.obj
c:\users\ryan\desktop\info - 6022\projects\6\physicsproject6\x64\release\bulletphysics.dll
c:\users\ryan\desktop\info - 6022\projects\6\physicsproject6\x64\release\bulletphysics.pdb
c:\users\ryan\desktop\info - 6022\projects\6\physicsproject6\bulletphysics\x64\release\bulletphysics.tlog\bulletphysics.write.1u.tlog
c:\users\ryan\desktop\info - 6022\projects\6\physicsproject6\bulletphysics\x64\release\bulletphysics.tlog\cl.command.1.tlog
c:\users\ryan\desktop\info - 6022\projects\6\physicsproject6\bulletphysics\x64\release\bulletphysics.tlog\cl.read.1.tlog
c:\users\ryan\desktop\info - 6022\projects\6\physicsproject6\bulletphysics\x64\release\bulletphysics.tlog\cl.write.1.tlog
c:\users\ryan\desktop\info - 6022\projects\6\physicsproject6\bulletphysics\x64\release\bulletphysics.tlog\link.command.1.tlog
c:\users\ryan\desktop\info - 6022\projects\6\physicsproject6\bulletphysics\x64\release\bulletphysics.tlog\link.read.1.tlog
c:\users\ryan\desktop\info - 6022\projects\6\physicsproject6\bulletphysics\x64\release\bulletphysics.tlog\link.write.1.tlog
