  btAxisSweep3.cpp
  btBroadphaseProxy.cpp
  btCollisionAlgorithm.cpp
  btDbvt.cpp
  btDbvtBroadphase.cpp
  btDispatcher.cpp
  btOverlappingPairCache.cpp
  btQuantizedBvh.cpp
  btSimpleBroadphase.cpp
  btActivatingCollisionAlgorithm.cpp
  btBox2dBox2dCollisionAlgorithm.cpp
  btBoxBoxCollisionAlgorithm.cpp
  btBoxBoxDetector.cpp
  btCollisionDispatcher.cpp
  btCollisionDispatcherMt.cpp
  btCollisionObject.cpp
C:\Users\Ryan\Desktop\INFO - 6022\Projects\6\PhysicsProject6\BulletPhysics\Physics\Bullet\Bullet\BulletCollision\CollisionDispatch\btCollisionObject.cpp(52,1): warning C4305: 'initializing': truncation from 'double' to 'btScalar'
  btCollisionWorld.cpp
C:\Users\Ryan\Desktop\INFO - 6022\Projects\6\PhysicsProject6\BulletPhysics\Physics\Bullet\Bullet\BulletCollision\CollisionDispatch\btCollisionWorld.cpp(1308,53): warning C4305: 'argument': truncation from 'double' to 'btScalar'
  btCollisionWorldImporter.cpp
  btCompoundCollisionAlgorithm.cpp
  btCompoundCompoundCollisionAlgorithm.cpp
  Generating Code...
  Compiling...
  btConvex2dConvex2dAlgorithm.cpp
  btConvexConcaveCollisionAlgorithm.cpp
  btConvexConvexAlgorithm.cpp
  btConvexPlaneCollisionAlgorithm.cpp
  btDefaultCollisionConfiguration.cpp
  btEmptyCollisionAlgorithm.cpp
  btGhostObject.cpp
  btHashedSimplePairCache.cpp
  btInternalEdgeUtility.cpp
  btManifoldResult.cpp
  btSimulationIslandManager.cpp
  btSphereBoxCollisionAlgorithm.cpp
  btSphereSphereCollisionAlgorithm.cpp
  btSphereTriangleCollisionAlgorithm.cpp
  btUnionFind.cpp
  SphereTriangleDetector.cpp
  btBox2dShape.cpp
  btBoxShape.cpp
  btBvhTriangleMeshShape.cpp
  btCapsuleShape.cpp
  Generating Code...
  Compiling...
  btCollisionShape.cpp
  btCompoundShape.cpp
  btConcaveShape.cpp
  btConeShape.cpp
  btConvex2dShape.cpp
  btConvexHullShape.cpp
  btConvexInternalShape.cpp
  btConvexPointCloudShape.cpp
  btConvexPolyhedron.cpp
  btConvexShape.cpp
  btConvexTriangleMeshShape.cpp
  btCylinderShape.cpp
  btEmptyShape.cpp
  btHeightfieldTerrainShape.cpp
C:\Users\Ryan\Desktop\INFO - 6022\Projects\6\PhysicsProject6\BulletPhysics\Physics\Bullet\Bullet\BulletCollision\CollisionShapes\btHeightfieldTerrainShape.cpp(743,42): warning C4244: 'argument': conversion from 'const int' to 'const btScalar', possible loss of data
C:\Users\Ryan\Desktop\INFO - 6022\Projects\6\PhysicsProject6\BulletPhysics\Physics\Bullet\Bullet\BulletCollision\CollisionShapes\btHeightfieldTerrainShape.cpp(743,71): warning C4244: 'argument': conversion from 'const int' to 'const btScalar', possible loss of data
C:\Users\Ryan\Desktop\INFO - 6022\Projects\6\PhysicsProject6\BulletPhysics\Physics\Bullet\Bullet\BulletCollision\CollisionShapes\btHeightfieldTerrainShape.cpp(462,70): warning C4244: '=': conversion from 'double' to 'btScalar', possible loss of data
C:\Users\Ryan\Desktop\INFO - 6022\Projects\6\PhysicsProject6\BulletPhysics\Physics\Bullet\Bullet\BulletCollision\CollisionShapes\btHeightfieldTerrainShape.cpp(671): message : see reference to function template instantiation 'void gridRaycast<const ProcessTrianglesAction>(Action_T &,const btVector3 &,const btVector3 &,int [])' being compiled
          with
          [
              Action_T=const ProcessTrianglesAction
          ]
C:\Users\Ryan\Desktop\INFO - 6022\Projects\6\PhysicsProject6\BulletPhysics\Physics\Bullet\Bullet\BulletCollision\CollisionShapes\btHeightfieldTerrainShape.cpp(466,71): warning C4244: '=': conversion from 'double' to 'btScalar', possible loss of data
C:\Users\Ryan\Desktop\INFO - 6022\Projects\6\PhysicsProject6\BulletPhysics\Physics\Bullet\Bullet\BulletCollision\CollisionShapes\btHeightfieldTerrainShape.cpp(479,70): warning C4244: '=': conversion from 'double' to 'btScalar', possible loss of data
C:\Users\Ryan\Desktop\INFO - 6022\Projects\6\PhysicsProject6\BulletPhysics\Physics\Bullet\Bullet\BulletCollision\CollisionShapes\btHeightfieldTerrainShape.cpp(483,71): warning C4244: '=': conversion from 'double' to 'btScalar', possible loss of data
  btMiniSDF.cpp
C:\Users\Ryan\Desktop\INFO - 6022\Projects\6\PhysicsProject6\BulletPhysics\Physics\Bullet\Bullet\BulletCollision\CollisionShapes\btMiniSDF.h(67,16): warning C4244: 'argument': conversion from 'double' to 'const btScalar', possible loss of data
C:\Users\Ryan\Desktop\INFO - 6022\Projects\6\PhysicsProject6\BulletPhysics\Physics\Bullet\Bullet\BulletCollision\CollisionShapes\btMiniSDF.h(75,16): warning C4244: 'argument': conversion from 'double' to 'const btScalar', possible loss of data
C:\Users\Ryan\Desktop\INFO - 6022\Projects\6\PhysicsProject6\BulletPhysics\Physics\Bullet\Bullet\BulletCollision\CollisionShapes\btMiniSDF.cpp(53,28): warning C4244: '=': conversion from 'double' to 'btScalar', possible loss of data
C:\Users\Ryan\Desktop\INFO - 6022\Projects\6\PhysicsProject6\BulletPhysics\Physics\Bullet\Bullet\BulletCollision\CollisionShapes\btMiniSDF.cpp(54,28): warning C4244: '=': conversion from 'double' to 'btScalar', possible loss of data
C:\Users\Ryan\Desktop\INFO - 6022\Projects\6\PhysicsProject6\BulletPhysics\Physics\Bullet\Bullet\BulletCollision\CollisionShapes\btMiniSDF.cpp(55,28): warning C4244: '=': conversion from 'double' to 'btScalar', possible loss of data
C:\Users\Ryan\Desktop\INFO - 6022\Projects\6\PhysicsProject6\BulletPhysics\Physics\Bullet\Bullet\BulletCollision\CollisionShapes\btMiniSDF.cpp(57,28): warning C4244: '=': conversion from 'double' to 'btScalar', possible loss of data
C:\Users\Ryan\Desktop\INFO - 6022\Projects\6\PhysicsProject6\BulletPhysics\Physics\Bullet\Bullet\BulletCollision\CollisionShapes\btMiniSDF.cpp(58,28): warning C4244: '=': conversion from 'double' to 'btScalar', possible loss of data
C:\Users\Ryan\Desktop\INFO - 6022\Projects\6\PhysicsProject6\BulletPhysics\Physics\Bullet\Bullet\BulletCollision\CollisionShapes\btMiniSDF.cpp(59,28): warning C4244: '=': conversion from 'double' to 'btScalar', possible loss of data
C:\Users\Ryan\Desktop\INFO - 6022\Projects\6\PhysicsProject6\BulletPhysics\Physics\Bullet\Bullet\BulletCollision\CollisionShapes\btMiniSDF.cpp(72,25): warning C4244: '=': conversion from 'double' to 'btScalar', possible loss of data
C:\Users\Ryan\Desktop\INFO - 6022\Projects\6\PhysicsProject6\BulletPhysics\Physics\Bullet\Bullet\BulletCollision\CollisionShapes\btMiniSDF.cpp(73,25): warning C4244: '=': conversion from 'double' to 'btScalar', possible loss of data
C:\Users\Ryan\Desktop\INFO - 6022\Projects\6\PhysicsProject6\BulletPhysics\Physics\Bullet\Bullet\BulletCollision\CollisionShapes\btMiniSDF.cpp(74,25): warning C4244: '=': conversion from 'double' to 'btScalar', possible loss of data
C:\Users\Ryan\Desktop\INFO - 6022\Projects\6\PhysicsProject6\BulletPhysics\Physics\Bullet\Bullet\BulletCollision\CollisionShapes\btMiniSDF.cpp(79,29): warning C4244: '=': conversion from 'double' to 'btScalar', possible loss of data
C:\Users\Ryan\Desktop\INFO - 6022\Projects\6\PhysicsProject6\BulletPhysics\Physics\Bullet\Bullet\BulletCollision\CollisionShapes\btMiniSDF.cpp(80,29): warning C4244: '=': conversion from 'double' to 'btScalar', possible loss of data
C:\Users\Ryan\Desktop\INFO - 6022\Projects\6\PhysicsProject6\BulletPhysics\Physics\Bullet\Bullet\BulletCollision\CollisionShapes\btMiniSDF.cpp(81,29): warning C4244: '=': conversion from 'double' to 'btScalar', possible loss of data
C:\Users\Ryan\Desktop\INFO - 6022\Projects\6\PhysicsProject6\BulletPhysics\Physics\Bullet\Bullet\BulletCollision\CollisionShapes\btMiniSDF.cpp(102,25): warning C4267: 'argument': conversion from 'size_t' to 'int', possible loss of data
C:\Users\Ryan\Desktop\INFO - 6022\Projects\6\PhysicsProject6\BulletPhysics\Physics\Bullet\Bullet\BulletCollision\CollisionShapes\btMiniSDF.cpp(108,16): warning C4244: 'argument': conversion from 'unsigned __int64' to 'int', possible loss of data
C:\Users\Ryan\Desktop\INFO - 6022\Projects\6\PhysicsProject6\BulletPhysics\Physics\Bullet\Bullet\BulletCollision\CollisionShapes\btMiniSDF.cpp(118,17): warning C4244: 'argument': conversion from 'unsigned __int64' to 'int', possible loss of data
C:\Users\Ryan\Desktop\INFO - 6022\Projects\6\PhysicsProject6\BulletPhysics\Physics\Bullet\Bullet\BulletCollision\CollisionShapes\btMiniSDF.cpp(124,16): warning C4244: 'argument': conversion from 'unsigned __int64' to 'int', possible loss of data
C:\Users\Ryan\Desktop\INFO - 6022\Projects\6\PhysicsProject6\BulletPhysics\Physics\Bullet\Bullet\BulletCollision\CollisionShapes\btMiniSDF.cpp(136,21): warning C4244: 'argument': conversion from 'unsigned __int64' to 'int', possible loss of data
C:\Users\Ryan\Desktop\INFO - 6022\Projects\6\PhysicsProject6\BulletPhysics\Physics\Bullet\Bullet\BulletCollision\CollisionShapes\btMiniSDF.cpp(142,21): warning C4244: 'argument': conversion from 'unsigned __int64' to 'int', possible loss of data
C:\Users\Ryan\Desktop\INFO - 6022\Projects\6\PhysicsProject6\BulletPhysics\Physics\Bullet\Bullet\BulletCollision\CollisionShapes\btMiniSDF.cpp(165,35): warning C4244: '=': conversion from 'double' to 'btScalar', possible loss of data
C:\Users\Ryan\Desktop\INFO - 6022\Projects\6\PhysicsProject6\BulletPhysics\Physics\Bullet\Bullet\BulletCollision\CollisionShapes\btMiniSDF.cpp(166,35): warning C4244: '=': conversion from 'double' to 'btScalar', possible loss of data
C:\Users\Ryan\Desktop\INFO - 6022\Projects\6\PhysicsProject6\BulletPhysics\Physics\Bullet\Bullet\BulletCollision\CollisionShapes\btMiniSDF.cpp(167,35): warning C4244: '=': conversion from 'double' to 'btScalar', possible loss of data
C:\Users\Ryan\Desktop\INFO - 6022\Projects\6\PhysicsProject6\BulletPhysics\Physics\Bullet\Bullet\BulletCollision\CollisionShapes\btMiniSDF.cpp(212,16): warning C4244: 'initializing': conversion from 'double' to 'btScalar', possible loss of data
C:\Users\Ryan\Desktop\INFO - 6022\Projects\6\PhysicsProject6\BulletPhysics\Physics\Bullet\Bullet\BulletCollision\CollisionShapes\btMiniSDF.cpp(213,16): warning C4244: 'initializing': conversion from 'double' to 'btScalar', possible loss of data
C:\Users\Ryan\Desktop\INFO - 6022\Projects\6\PhysicsProject6\BulletPhysics\Physics\Bullet\Bullet\BulletCollision\CollisionShapes\btMiniSDF.cpp(214,16): warning C4244: 'initializing': conversion from 'double' to 'btScalar', possible loss of data
C:\Users\Ryan\Desktop\INFO - 6022\Projects\6\PhysicsProject6\BulletPhysics\Physics\Bullet\Bullet\BulletCollision\CollisionShapes\btMiniSDF.cpp(216,16): warning C4244: 'initializing': conversion from 'double' to 'btScalar', possible loss of data
C:\Users\Ryan\Desktop\INFO - 6022\Projects\6\PhysicsProject6\BulletPhysics\Physics\Bullet\Bullet\BulletCollision\CollisionShapes\btMiniSDF.cpp(217,16): warning C4244: 'initializing': conversion from 'double' to 'btScalar', possible loss of data
C:\Users\Ryan\Desktop\INFO - 6022\Projects\6\PhysicsProject6\BulletPhysics\Physics\Bullet\Bullet\BulletCollision\CollisionShapes\btMiniSDF.cpp(218,16): warning C4244: 'initializing': conversion from 'double' to 'btScalar', possible loss of data
C:\Users\Ryan\Desktop\INFO - 6022\Projects\6\PhysicsProject6\BulletPhysics\Physics\Bullet\Bullet\BulletCollision\CollisionShapes\btMiniSDF.cpp(220,17): warning C4244: 'initializing': conversion from 'double' to 'btScalar', possible loss of data
C:\Users\Ryan\Desktop\INFO - 6022\Projects\6\PhysicsProject6\BulletPhysics\Physics\Bullet\Bullet\BulletCollision\CollisionShapes\btMiniSDF.cpp(221,17): warning C4244: 'initializing': conversion from 'double' to 'btScalar', possible loss of data
C:\Users\Ryan\Desktop\INFO - 6022\Projects\6\PhysicsProject6\BulletPhysics\Physics\Bullet\Bullet\BulletCollision\CollisionShapes\btMiniSDF.cpp(222,17): warning C4244: 'initializing': conversion from 'double' to 'btScalar', possible loss of data
C:\Users\Ryan\Desktop\INFO - 6022\Projects\6\PhysicsProject6\BulletPhysics\Physics\Bullet\Bullet\BulletCollision\CollisionShapes\btMiniSDF.cpp(224,17): warning C4244: 'initializing': conversion from 'double' to 'btScalar', possible loss of data
C:\Users\Ryan\Desktop\INFO - 6022\Projects\6\PhysicsProject6\BulletPhysics\Physics\Bullet\Bullet\BulletCollision\CollisionShapes\btMiniSDF.cpp(225,17): warning C4244: 'initializing': conversion from 'double' to 'btScalar', possible loss of data
C:\Users\Ryan\Desktop\INFO - 6022\Projects\6\PhysicsProject6\BulletPhysics\Physics\Bullet\Bullet\BulletCollision\CollisionShapes\btMiniSDF.cpp(226,17): warning C4244: 'initializing': conversion from 'double' to 'btScalar', possible loss of data
C:\Users\Ryan\Desktop\INFO - 6022\Projects\6\PhysicsProject6\BulletPhysics\Physics\Bullet\Bullet\BulletCollision\CollisionShapes\btMiniSDF.cpp(243,17): warning C4244: 'initializing': conversion from 'double' to 'btScalar', possible loss of data
C:\Users\Ryan\Desktop\INFO - 6022\Projects\6\PhysicsProject6\BulletPhysics\Physics\Bullet\Bullet\BulletCollision\CollisionShapes\btMiniSDF.cpp(244,17): warning C4244: 'initializing': conversion from 'double' to 'btScalar', possible loss of data
C:\Users\Ryan\Desktop\INFO - 6022\Projects\6\PhysicsProject6\BulletPhysics\Physics\Bullet\Bullet\BulletCollision\CollisionShapes\btMiniSDF.cpp(245,17): warning C4244: 'initializing': conversion from 'double' to 'btScalar', possible loss of data
C:\Users\Ryan\Desktop\INFO - 6022\Projects\6\PhysicsProject6\BulletPhysics\Physics\Bullet\Bullet\BulletCollision\CollisionShapes\btMiniSDF.cpp(248,15): warning C4244: 'initializing': conversion from 'double' to 'btScalar', possible loss of data
C:\Users\Ryan\Desktop\INFO - 6022\Projects\6\PhysicsProject6\BulletPhysics\Physics\Bullet\Bullet\BulletCollision\CollisionShapes\btMiniSDF.cpp(260,19): warning C4244: '=': conversion from 'double' to 'btScalar', possible loss of data
C:\Users\Ryan\Desktop\INFO - 6022\Projects\6\PhysicsProject6\BulletPhysics\Physics\Bullet\Bullet\BulletCollision\CollisionShapes\btMiniSDF.cpp(272,19): warning C4244: '=': conversion from 'double' to 'btScalar', possible loss of data
C:\Users\Ryan\Desktop\INFO - 6022\Projects\6\PhysicsProject6\BulletPhysics\Physics\Bullet\Bullet\BulletCollision\CollisionShapes\btMiniSDF.cpp(284,19): warning C4244: '=': conversion from 'double' to 'btScalar', possible loss of data
C:\Users\Ryan\Desktop\INFO - 6022\Projects\6\PhysicsProject6\BulletPhysics\Physics\Bullet\Bullet\BulletCollision\CollisionShapes\btMiniSDF.cpp(300,28): warning C4244: 'initializing': conversion from 'double' to 'btScalar', possible loss of data
C:\Users\Ryan\Desktop\INFO - 6022\Projects\6\PhysicsProject6\BulletPhysics\Physics\Bullet\Bullet\BulletCollision\CollisionShapes\btMiniSDF.cpp(301,28): warning C4244: 'initializing': conversion from 'double' to 'btScalar', possible loss of data
C:\Users\Ryan\Desktop\INFO - 6022\Projects\6\PhysicsProject6\BulletPhysics\Physics\Bullet\Bullet\BulletCollision\CollisionShapes\btMiniSDF.cpp(302,28): warning C4244: 'initializing': conversion from 'double' to 'btScalar', possible loss of data
C:\Users\Ryan\Desktop\INFO - 6022\Projects\6\PhysicsProject6\BulletPhysics\Physics\Bullet\Bullet\BulletCollision\CollisionShapes\btMiniSDF.cpp(303,17): warning C4244: 'initializing': conversion from 'double' to 'btScalar', possible loss of data
C:\Users\Ryan\Desktop\INFO - 6022\Projects\6\PhysicsProject6\BulletPhysics\Physics\Bullet\Bullet\BulletCollision\CollisionShapes\btMiniSDF.cpp(304,17): warning C4244: 'initializing': conversion from 'double' to 'btScalar', possible loss of data
C:\Users\Ryan\Desktop\INFO - 6022\Projects\6\PhysicsProject6\BulletPhysics\Physics\Bullet\Bullet\BulletCollision\CollisionShapes\btMiniSDF.cpp(305,17): warning C4244: 'initializing': conversion from 'double' to 'btScalar', possible loss of data
C:\Users\Ryan\Desktop\INFO - 6022\Projects\6\PhysicsProject6\BulletPhysics\Physics\Bullet\Bullet\BulletCollision\CollisionShapes\btMiniSDF.cpp(307,19): warning C4244: 'initializing': conversion from 'double' to 'btScalar', possible loss of data
C:\Users\Ryan\Desktop\INFO - 6022\Projects\6\PhysicsProject6\BulletPhysics\Physics\Bullet\Bullet\BulletCollision\CollisionShapes\btMiniSDF.cpp(308,19): warning C4244: 'initializing': conversion from 'double' to 'btScalar', possible loss of data
C:\Users\Ryan\Desktop\INFO - 6022\Projects\6\PhysicsProject6\BulletPhysics\Physics\Bullet\Bullet\BulletCollision\CollisionShapes\btMiniSDF.cpp(309,19): warning C4244: 'initializing': conversion from 'double' to 'btScalar', possible loss of data
C:\Users\Ryan\Desktop\INFO - 6022\Projects\6\PhysicsProject6\BulletPhysics\Physics\Bullet\Bullet\BulletCollision\CollisionShapes\btMiniSDF.cpp(311,16): warning C4244: 'initializing': conversion from 'double' to 'btScalar', possible loss of data
C:\Users\Ryan\Desktop\INFO - 6022\Projects\6\PhysicsProject6\BulletPhysics\Physics\Bullet\Bullet\BulletCollision\CollisionShapes\btMiniSDF.cpp(312,16): warning C4244: 'initializing': conversion from 'double' to 'btScalar', possible loss of data
C:\Users\Ryan\Desktop\INFO - 6022\Projects\6\PhysicsProject6\BulletPhysics\Physics\Bullet\Bullet\BulletCollision\CollisionShapes\btMiniSDF.cpp(313,16): warning C4244: 'initializing': conversion from 'double' to 'btScalar', possible loss of data
C:\Users\Ryan\Desktop\INFO - 6022\Projects\6\PhysicsProject6\BulletPhysics\Physics\Bullet\Bullet\BulletCollision\CollisionShapes\btMiniSDF.cpp(515,33): warning C4244: '+=': conversion from 'double' to 'btScalar', possible loss of data
C:\Users\Ryan\Desktop\INFO - 6022\Projects\6\PhysicsProject6\BulletPhysics\Physics\Bullet\Bullet\BulletCollision\CollisionShapes\btMiniSDF.cpp(516,33): warning C4244: '+=': conversion from 'double' to 'btScalar', possible loss of data
C:\Users\Ryan\Desktop\INFO - 6022\Projects\6\PhysicsProject6\BulletPhysics\Physics\Bullet\Bullet\BulletCollision\CollisionShapes\btMiniSDF.cpp(517,33): warning C4244: '+=': conversion from 'double' to 'btScalar', possible loss of data
  btMinkowskiSumShape.cpp
  btMultimaterialTriangleMeshShape.cpp
  btMultiSphereShape.cpp
  btOptimizedBvh.cpp
  btPolyhedralConvexShape.cpp
  Generating Code...
  Compiling...
  btScaledBvhTriangleMeshShape.cpp
  btSdfCollisionShape.cpp
C:\Users\Ryan\Desktop\INFO - 6022\Projects\6\PhysicsProject6\BulletPhysics\Physics\Bullet\Bullet\BulletCollision\CollisionShapes\btMiniSDF.h(67,16): warning C4244: 'argument': conversion from 'double' to 'const btScalar', possible loss of data
C:\Users\Ryan\Desktop\INFO - 6022\Projects\6\PhysicsProject6\BulletPhysics\Physics\Bullet\Bullet\BulletCollision\CollisionShapes\btMiniSDF.h(75,16): warning C4244: 'argument': conversion from 'double' to 'const btScalar', possible loss of data
C:\Users\Ryan\Desktop\INFO - 6022\Projects\6\PhysicsProject6\BulletPhysics\Physics\Bullet\Bullet\BulletCollision\CollisionShapes\btSdfCollisionShape.cpp(89,13): warning C4244: '=': conversion from 'double' to 'btScalar', possible loss of data
  btShapeHull.cpp
  btSphereShape.cpp
  btStaticPlaneShape.cpp
  btStridingMeshInterface.cpp
  btTetrahedronShape.cpp
  btTriangleBuffer.cpp
  btTriangleCallback.cpp
  btTriangleIndexVertexArray.cpp
  btTriangleIndexVertexMaterialArray.cpp
  btTriangleMesh.cpp
  btTriangleMeshShape.cpp
  btUniformScalingShape.cpp
  btContactProcessing.cpp
  btGenericPoolAllocator.cpp
  btGImpactBvh.cpp
  btGImpactCollisionAlgorithm.cpp
  btGImpactQuantizedBvh.cpp
  btGImpactShape.cpp
  Generating Code...
  Compiling...
  btTriangleShapeEx.cpp
  gim_box_set.cpp
  gim_contact.cpp
  gim_memory.cpp
  gim_tri_collision.cpp
  btContinuousConvexCollision.cpp
  btConvexCast.cpp
  btGjkConvexCast.cpp
  btGjkEpa2.cpp
  btGjkEpaPenetrationDepthSolver.cpp
  btGjkPairDetector.cpp
C:\Users\Ryan\Desktop\INFO - 6022\Projects\6\PhysicsProject6\BulletPhysics\Physics\Bullet\Bullet\BulletCollision\NarrowPhaseCollision\btGjkPairDetector.cpp(36,45): warning C4305: 'initializing': truncation from 'double' to 'btScalar'
C:\Users\Ryan\Desktop\INFO - 6022\Projects\6\PhysicsProject6\BulletPhysics\Physics\Bullet\Bullet\BulletCollision\NarrowPhaseCollision\btGjkPairDetector.cpp(368,19): warning C4244: 'argument': conversion from 'double' to 'btScalar', possible loss of data
C:\Users\Ryan\Desktop\INFO - 6022\Projects\6\PhysicsProject6\BulletPhysics\Physics\Bullet\Bullet\BulletCollision\NarrowPhaseCollision\btGjkPairDetector.cpp(368,52): warning C4244: 'argument': conversion from 'double' to 'btScalar', possible loss of data
C:\Users\Ryan\Desktop\INFO - 6022\Projects\6\PhysicsProject6\BulletPhysics\Physics\Bullet\Bullet\BulletCollision\NarrowPhaseCollision\btGjkPairDetector.cpp(368,104): warning C4244: 'argument': conversion from 'double' to 'btScalar', possible loss of data
C:\Users\Ryan\Desktop\INFO - 6022\Projects\6\PhysicsProject6\BulletPhysics\Physics\Bullet\Bullet\BulletCollision\NarrowPhaseCollision\btGjkPairDetector.cpp(368,137): warning C4244: 'argument': conversion from 'double' to 'btScalar', possible loss of data
C:\Users\Ryan\Desktop\INFO - 6022\Projects\6\PhysicsProject6\BulletPhysics\Physics\Bullet\Bullet\BulletCollision\NarrowPhaseCollision\btGjkPairDetector.cpp(368,185): warning C4244: 'argument': conversion from 'double' to 'btScalar', possible loss of data
C:\Users\Ryan\Desktop\INFO - 6022\Projects\6\PhysicsProject6\BulletPhysics\Physics\Bullet\Bullet\BulletCollision\NarrowPhaseCollision\btGjkPairDetector.cpp(372,21): warning C4244: 'argument': conversion from 'double' to 'btScalar', possible loss of data
C:\Users\Ryan\Desktop\INFO - 6022\Projects\6\PhysicsProject6\BulletPhysics\Physics\Bullet\Bullet\BulletCollision\NarrowPhaseCollision\btGjkPairDetector.cpp(373,21): warning C4244: 'argument': conversion from 'double' to 'btScalar', possible loss of data
C:\Users\Ryan\Desktop\INFO - 6022\Projects\6\PhysicsProject6\BulletPhysics\Physics\Bullet\Bullet\BulletCollision\NarrowPhaseCollision\btGjkPairDetector.cpp(411,9): warning C4244: 'return': conversion from 'double' to 'btScalar', possible loss of data
  btMinkowskiPenetrationDepthSolver.cpp
  btPersistentManifold.cpp
C:\Users\Ryan\Desktop\INFO - 6022\Projects\6\PhysicsProject6\BulletPhysics\Physics\Bullet\Bullet\BulletCollision\NarrowPhaseCollision\btPersistentManifold.cpp(362,46): warning C4244: '=': conversion from 'const double' to 'btScalar', possible loss of data
C:\Users\Ryan\Desktop\INFO - 6022\Projects\6\PhysicsProject6\BulletPhysics\Physics\Bullet\Bullet\BulletCollision\NarrowPhaseCollision\btPersistentManifold.cpp(363,48): warning C4244: '=': conversion from 'const double' to 'btScalar', possible loss of data
C:\Users\Ryan\Desktop\INFO - 6022\Projects\6\PhysicsProject6\BulletPhysics\Physics\Bullet\Bullet\BulletCollision\NarrowPhaseCollision\btPersistentManifold.cpp(374,70): warning C4244: '=': conversion from 'const double' to 'btScalar', possible loss of data
C:\Users\Ryan\Desktop\INFO - 6022\Projects\6\PhysicsProject6\BulletPhysics\Physics\Bullet\Bullet\BulletCollision\NarrowPhaseCollision\btPersistentManifold.cpp(375,56): warning C4244: '=': conversion from 'const double' to 'btScalar', possible loss of data
C:\Users\Ryan\Desktop\INFO - 6022\Projects\6\PhysicsProject6\BulletPhysics\Physics\Bullet\Bullet\BulletCollision\NarrowPhaseCollision\btPersistentManifold.cpp(376,86): warning C4244: '=': conversion from 'const double' to 'btScalar', possible loss of data
C:\Users\Ryan\Desktop\INFO - 6022\Projects\6\PhysicsProject6\BulletPhysics\Physics\Bullet\Bullet\BulletCollision\NarrowPhaseCollision\btPersistentManifold.cpp(377,86): warning C4244: '=': conversion from 'const double' to 'btScalar', possible loss of data
C:\Users\Ryan\Desktop\INFO - 6022\Projects\6\PhysicsProject6\BulletPhysics\Physics\Bullet\Bullet\BulletCollision\NarrowPhaseCollision\btPersistentManifold.cpp(381,59): warning C4244: '=': conversion from 'const double' to 'btScalar', possible loss of data
C:\Users\Ryan\Desktop\INFO - 6022\Projects\6\PhysicsProject6\BulletPhysics\Physics\Bullet\Bullet\BulletCollision\NarrowPhaseCollision\btPersistentManifold.cpp(382,88): warning C4244: '=': conversion from 'const double' to 'btScalar', possible loss of data
C:\Users\Ryan\Desktop\INFO - 6022\Projects\6\PhysicsProject6\BulletPhysics\Physics\Bullet\Bullet\BulletCollision\NarrowPhaseCollision\btPersistentManifold.cpp(383,92): warning C4244: '=': conversion from 'const double' to 'btScalar', possible loss of data
C:\Users\Ryan\Desktop\INFO - 6022\Projects\6\PhysicsProject6\BulletPhysics\Physics\Bullet\Bullet\BulletCollision\NarrowPhaseCollision\btPersistentManifold.cpp(385,64): warning C4244: '=': conversion from 'const double' to 'btScalar', possible loss of data
C:\Users\Ryan\Desktop\INFO - 6022\Projects\6\PhysicsProject6\BulletPhysics\Physics\Bullet\Bullet\BulletCollision\NarrowPhaseCollision\btPersistentManifold.cpp(386,62): warning C4244: '=': conversion from 'const double' to 'btScalar', possible loss of data
C:\Users\Ryan\Desktop\INFO - 6022\Projects\6\PhysicsProject6\BulletPhysics\Physics\Bullet\Bullet\BulletCollision\NarrowPhaseCollision\btPersistentManifold.cpp(387,62): warning C4244: '=': conversion from 'const double' to 'btScalar', possible loss of data
C:\Users\Ryan\Desktop\INFO - 6022\Projects\6\PhysicsProject6\BulletPhysics\Physics\Bullet\Bullet\BulletCollision\NarrowPhaseCollision\btPersistentManifold.cpp(395,74): warning C4244: '=': conversion from 'const double' to 'btScalar', possible loss of data
C:\Users\Ryan\Desktop\INFO - 6022\Projects\6\PhysicsProject6\BulletPhysics\Physics\Bullet\Bullet\BulletCollision\NarrowPhaseCollision\btPersistentManifold.cpp(398,88): warning C4244: '=': conversion from 'const double' to 'btScalar', possible loss of data
C:\Users\Ryan\Desktop\INFO - 6022\Projects\6\PhysicsProject6\BulletPhysics\Physics\Bullet\Bullet\BulletCollision\NarrowPhaseCollision\btPersistentManifold.cpp(399,90): warning C4244: '=': conversion from 'const double' to 'btScalar', possible loss of data
C:\Users\Ryan\Desktop\INFO - 6022\Projects\6\PhysicsProject6\BulletPhysics\Physics\Bullet\Bullet\BulletCollision\NarrowPhaseCollision\btPersistentManifold.cpp(400,80): warning C4244: '=': conversion from 'const double' to 'btScalar', possible loss of data
C:\Users\Ryan\Desktop\INFO - 6022\Projects\6\PhysicsProject6\BulletPhysics\Physics\Bullet\Bullet\BulletCollision\NarrowPhaseCollision\btPersistentManifold.cpp(401,70): warning C4244: '=': conversion from 'const double' to 'btScalar', possible loss of data
C:\Users\Ryan\Desktop\INFO - 6022\Projects\6\PhysicsProject6\BulletPhysics\Physics\Bullet\Bullet\BulletCollision\NarrowPhaseCollision\btPersistentManifold.cpp(402,70): warning C4244: '=': conversion from 'const double' to 'btScalar', possible loss of data
  btPolyhedralContactClipping.cpp
  btRaycastCallback.cpp
  btSubSimplexConvexCast.cpp
  btVoronoiSimplexSolver.cpp
  btKinematicCharacterController.cpp
C:\Users\Ryan\Desktop\INFO - 6022\Projects\6\PhysicsProject6\BulletPhysics\Physics\Bullet\Bullet\BulletDynamics\Character\btKinematicCharacterController.cpp(139,22): warning C4305: '=': truncation from 'double' to 'btScalar'
C:\Users\Ryan\Desktop\INFO - 6022\Projects\6\PhysicsProject6\BulletPhysics\Physics\Bullet\Bullet\BulletDynamics\Character\btKinematicCharacterController.cpp(149,23): warning C4305: '=': truncation from 'double' to 'btScalar'
C:\Users\Ryan\Desktop\INFO - 6022\Projects\6\PhysicsProject6\BulletPhysics\Physics\Bullet\Bullet\BulletDynamics\Character\btKinematicCharacterController.cpp(157,29): warning C4305: '=': truncation from 'double' to 'btScalar'
  btBatchedConstraints.cpp
C:\Users\Ryan\Desktop\INFO - 6022\Projects\6\PhysicsProject6\BulletPhysics\Physics\Bullet\Bullet\BulletDynamics\ConstraintSolver\btBatchedConstraints.cpp(169,64): warning C4244: 'argument': conversion from 'double' to 'const btScalar', possible loss of data
C:\Users\Ryan\Desktop\INFO - 6022\Projects\6\PhysicsProject6\BulletPhysics\Physics\Bullet\Bullet\BulletDynamics\ConstraintSolver\btBatchedConstraints.cpp(661,51): warning C4305: 'argument': truncation from 'double' to 'const btScalar'
C:\Users\Ryan\Desktop\INFO - 6022\Projects\6\PhysicsProject6\BulletPhysics\Physics\Bullet\Bullet\BulletDynamics\ConstraintSolver\btBatchedConstraints.cpp(858,57): warning C4267: 'argument': conversion from 'size_t' to 'int', possible loss of data
C:\Users\Ryan\Desktop\INFO - 6022\Projects\6\PhysicsProject6\BulletPhysics\Physics\Bullet\Bullet\BulletDynamics\ConstraintSolver\btBatchedConstraints.cpp(860,48): warning C4267: 'argument': conversion from 'size_t' to 'int', possible loss of data
  btConeTwistConstraint.cpp
  Generating Code...
  Compiling...
  btContactConstraint.cpp
  btFixedConstraint.cpp
  btGearConstraint.cpp
  btGeneric6DofConstraint.cpp
  btGeneric6DofSpring2Constraint.cpp
  btGeneric6DofSpringConstraint.cpp
  btHinge2Constraint.cpp
  btHingeConstraint.cpp
C:\Users\Ryan\Desktop\INFO - 6022\Projects\6\PhysicsProject6\BulletPhysics\Physics\Bullet\Bullet\BulletDynamics\ConstraintSolver\btHingeConstraint.cpp(304,19): warning C4305: 'initializing': truncation from 'double' to 'btScalar'
  btNNCGConstraintSolver.cpp
  btPoint2PointConstraint.cpp
  btSequentialImpulseConstraintSolver.cpp
C:\Users\Ryan\Desktop\INFO - 6022\Projects\6\PhysicsProject6\BulletPhysics\Physics\Bullet\Bullet\BulletDynamics\ConstraintSolver\btSequentialImpulseConstraintSolver.cpp(74,22): warning C4244: 'return': conversion from 'double' to 'btScalar', possible loss of data
C:\Users\Ryan\Desktop\INFO - 6022\Projects\6\PhysicsProject6\BulletPhysics\Physics\Bullet\Bullet\BulletDynamics\ConstraintSolver\btSequentialImpulseConstraintSolver.cpp(98,22): warning C4244: 'return': conversion from 'double' to 'btScalar', possible loss of data
C:\Users\Ryan\Desktop\INFO - 6022\Projects\6\PhysicsProject6\BulletPhysics\Physics\Bullet\Bullet\BulletDynamics\ConstraintSolver\btSequentialImpulseConstraintSolver.cpp(200,30): warning C4244: 'return': conversion from 'double' to 'btScalar', possible loss of data
C:\Users\Ryan\Desktop\INFO - 6022\Projects\6\PhysicsProject6\BulletPhysics\Physics\Bullet\Bullet\BulletDynamics\ConstraintSolver\btSequentialImpulseConstraintSolver.cpp(253,30): warning C4244: 'return': conversion from 'double' to 'btScalar', possible loss of data
C:\Users\Ryan\Desktop\INFO - 6022\Projects\6\PhysicsProject6\BulletPhysics\Physics\Bullet\Bullet\BulletDynamics\ConstraintSolver\btSequentialImpulseConstraintSolver.cpp(311,22): warning C4244: 'return': conversion from 'double' to 'btScalar', possible loss of data
C:\Users\Ryan\Desktop\INFO - 6022\Projects\6\PhysicsProject6\BulletPhysics\Physics\Bullet\Bullet\BulletDynamics\ConstraintSolver\btSequentialImpulseConstraintSolver.cpp(345,30): warning C4244: 'return': conversion from 'double' to 'btScalar', possible loss of data
  btSequentialImpulseConstraintSolverMt.cpp
  btSliderConstraint.cpp
  btSolve2LinearConstraint.cpp
  btTypedConstraint.cpp
  btUniversalConstraint.cpp
  btDiscreteDynamicsWorld.cpp
  btDiscreteDynamicsWorldMt.cpp
  btRigidBody.cpp
  btSimpleDynamicsWorld.cpp
  Generating Code...
  Compiling...
  btSimulationIslandManagerMt.cpp
  btMultiBody.cpp
C:\Users\Ryan\Desktop\INFO - 6022\Projects\6\PhysicsProject6\BulletPhysics\Physics\Bullet\Bullet\BulletDynamics\Featherstone\btMultiBody.cpp(1925,38): warning C4244: '=': conversion from 'int' to 'btScalar', possible loss of data
C:\Users\Ryan\Desktop\INFO - 6022\Projects\6\PhysicsProject6\BulletPhysics\Physics\Bullet\Bullet\BulletDynamics\Featherstone\btMultiBody.cpp(1968,19): warning C4244: 'initializing': conversion from 'btScalar' to 'int', possible loss of data
  btMultiBodyConstraint.cpp
  btMultiBodyConstraintSolver.cpp
  btMultiBodyDynamicsWorld.cpp
C:\Users\Ryan\Desktop\INFO - 6022\Projects\6\PhysicsProject6\BulletPhysics\Physics\Bullet\Bullet\BulletDynamics\Featherstone\btMultiBodyDynamicsWorld.cpp(702,71): warning C4305: 'argument': truncation from 'double' to 'btScalar'
C:\Users\Ryan\Desktop\INFO - 6022\Projects\6\PhysicsProject6\BulletPhysics\Physics\Bullet\Bullet\BulletDynamics\Featherstone\btMultiBodyDynamicsWorld.cpp(710,46): warning C4305: 'argument': truncation from 'double' to 'btScalar'
C:\Users\Ryan\Desktop\INFO - 6022\Projects\6\PhysicsProject6\BulletPhysics\Physics\Bullet\Bullet\BulletDynamics\Featherstone\btMultiBodyDynamicsWorld.cpp(715,93): warning C4305: 'argument': truncation from 'double' to 'const btScalar'
C:\Users\Ryan\Desktop\INFO - 6022\Projects\6\PhysicsProject6\BulletPhysics\Physics\Bullet\Bullet\BulletDynamics\Featherstone\btMultiBodyDynamicsWorld.cpp(724,96): warning C4305: 'argument': truncation from 'double' to 'const btScalar'
C:\Users\Ryan\Desktop\INFO - 6022\Projects\6\PhysicsProject6\BulletPhysics\Physics\Bullet\Bullet\BulletDynamics\Featherstone\btMultiBodyDynamicsWorld.cpp(733,96): warning C4305: 'argument': truncation from 'double' to 'const btScalar'
  btMultiBodyFixedConstraint.cpp
C:\Users\Ryan\Desktop\INFO - 6022\Projects\6\PhysicsProject6\BulletPhysics\Physics\Bullet\Bullet\BulletDynamics\Featherstone\btMultiBodyFixedConstraint.cpp(194,32): warning C4305: 'argument': truncation from 'double' to 'btScalar'
C:\Users\Ryan\Desktop\INFO - 6022\Projects\6\PhysicsProject6\BulletPhysics\Physics\Bullet\Bullet\BulletDynamics\Featherstone\btMultiBodyFixedConstraint.cpp(200,32): warning C4305: 'argument': truncation from 'double' to 'btScalar'
C:\Users\Ryan\Desktop\INFO - 6022\Projects\6\PhysicsProject6\BulletPhysics\Physics\Bullet\Bullet\BulletDynamics\Featherstone\btMultiBodyFixedConstraint.cpp(207,32): warning C4305: 'argument': truncation from 'double' to 'btScalar'
C:\Users\Ryan\Desktop\INFO - 6022\Projects\6\PhysicsProject6\BulletPhysics\Physics\Bullet\Bullet\BulletDynamics\Featherstone\btMultiBodyFixedConstraint.cpp(213,32): warning C4305: 'argument': truncation from 'double' to 'btScalar'
  btMultiBodyGearConstraint.cpp
  btMultiBodyJointLimitConstraint.cpp
C:\Users\Ryan\Desktop\INFO - 6022\Projects\6\PhysicsProject6\BulletPhysics\Physics\Bullet\Bullet\BulletDynamics\Featherstone\btMultiBodyJointLimitConstraint.cpp(118,22): warning C4244: 'initializing': conversion from 'int' to 'btScalar', possible loss of data
  btMultiBodyJointMotor.cpp
  btMultiBodyMLCPConstraintSolver.cpp
C:\Users\Ryan\Desktop\INFO - 6022\Projects\6\PhysicsProject6\BulletPhysics\Physics\Bullet\Bullet\BulletDynamics\Featherstone\btMultiBodyMLCPConstraintSolver.cpp(88,40): warning C4244: 'initializing': conversion from 'double' to 'btScalar', possible loss of data
C:\Users\Ryan\Desktop\INFO - 6022\Projects\6\PhysicsProject6\BulletPhysics\Physics\Bullet\Bullet\BulletDynamics\Featherstone\btMultiBodyMLCPConstraintSolver.cpp(88,27): warning C4244: 'initializing': conversion from 'double' to 'const btScalar', possible loss of data
C:\Users\Ryan\Desktop\INFO - 6022\Projects\6\PhysicsProject6\BulletPhysics\Physics\Bullet\Bullet\BulletDynamics\Featherstone\btMultiBodyMLCPConstraintSolver.cpp(107,40): warning C4244: 'initializing': conversion from 'double' to 'btScalar', possible loss of data
C:\Users\Ryan\Desktop\INFO - 6022\Projects\6\PhysicsProject6\BulletPhysics\Physics\Bullet\Bullet\BulletDynamics\Featherstone\btMultiBodyMLCPConstraintSolver.cpp(107,27): warning C4244: 'initializing': conversion from 'double' to 'const btScalar', possible loss of data
C:\Users\Ryan\Desktop\INFO - 6022\Projects\6\PhysicsProject6\BulletPhysics\Physics\Bullet\Bullet\BulletDynamics\Featherstone\btMultiBodyMLCPConstraintSolver.cpp(163,41): warning C4244: 'initializing': conversion from 'double' to 'btScalar', possible loss of data
C:\Users\Ryan\Desktop\INFO - 6022\Projects\6\PhysicsProject6\BulletPhysics\Physics\Bullet\Bullet\BulletDynamics\Featherstone\btMultiBodyMLCPConstraintSolver.cpp(163,28): warning C4244: 'initializing': conversion from 'double' to 'const btScalar', possible loss of data
C:\Users\Ryan\Desktop\INFO - 6022\Projects\6\PhysicsProject6\BulletPhysics\Physics\Bullet\Bullet\BulletDynamics\Featherstone\btMultiBodyMLCPConstraintSolver.cpp(174,41): warning C4244: 'initializing': conversion from 'double' to 'btScalar', possible loss of data
C:\Users\Ryan\Desktop\INFO - 6022\Projects\6\PhysicsProject6\BulletPhysics\Physics\Bullet\Bullet\BulletDynamics\Featherstone\btMultiBodyMLCPConstraintSolver.cpp(174,28): warning C4244: 'initializing': conversion from 'double' to 'const btScalar', possible loss of data
C:\Users\Ryan\Desktop\INFO - 6022\Projects\6\PhysicsProject6\BulletPhysics\Physics\Bullet\Bullet\BulletDynamics\Featherstone\btMultiBodyMLCPConstraintSolver.cpp(213,41): warning C4244: 'initializing': conversion from 'double' to 'btScalar', possible loss of data
C:\Users\Ryan\Desktop\INFO - 6022\Projects\6\PhysicsProject6\BulletPhysics\Physics\Bullet\Bullet\BulletDynamics\Featherstone\btMultiBodyMLCPConstraintSolver.cpp(213,28): warning C4244: 'initializing': conversion from 'double' to 'const btScalar', possible loss of data
C:\Users\Ryan\Desktop\INFO - 6022\Projects\6\PhysicsProject6\BulletPhysics\Physics\Bullet\Bullet\BulletDynamics\Featherstone\btMultiBodyMLCPConstraintSolver.cpp(224,41): warning C4244: 'initializing': conversion from 'double' to 'btScalar', possible loss of data
C:\Users\Ryan\Desktop\INFO - 6022\Projects\6\PhysicsProject6\BulletPhysics\Physics\Bullet\Bullet\BulletDynamics\Featherstone\btMultiBodyMLCPConstraintSolver.cpp(224,28): warning C4244: 'initializing': conversion from 'double' to 'const btScalar', possible loss of data
  btMultiBodyPoint2Point.cpp
C:\Users\Ryan\Desktop\INFO - 6022\Projects\6\PhysicsProject6\BulletPhysics\Physics\Bullet\Bullet\BulletDynamics\Featherstone\btMultiBodyPoint2Point.cpp(195,32): warning C4305: 'argument': truncation from 'double' to 'btScalar'
C:\Users\Ryan\Desktop\INFO - 6022\Projects\6\PhysicsProject6\BulletPhysics\Physics\Bullet\Bullet\BulletDynamics\Featherstone\btMultiBodyPoint2Point.cpp(201,32): warning C4305: 'argument': truncation from 'double' to 'btScalar'
C:\Users\Ryan\Desktop\INFO - 6022\Projects\6\PhysicsProject6\BulletPhysics\Physics\Bullet\Bullet\BulletDynamics\Featherstone\btMultiBodyPoint2Point.cpp(208,32): warning C4305: 'argument': truncation from 'double' to 'btScalar'
C:\Users\Ryan\Desktop\INFO - 6022\Projects\6\PhysicsProject6\BulletPhysics\Physics\Bullet\Bullet\BulletDynamics\Featherstone\btMultiBodyPoint2Point.cpp(214,32): warning C4305: 'argument': truncation from 'double' to 'btScalar'
  btMultiBodySliderConstraint.cpp
C:\Users\Ryan\Desktop\INFO - 6022\Projects\6\PhysicsProject6\BulletPhysics\Physics\Bullet\Bullet\BulletDynamics\Featherstone\btMultiBodySliderConstraint.cpp(213,32): warning C4305: 'argument': truncation from 'double' to 'btScalar'
C:\Users\Ryan\Desktop\INFO - 6022\Projects\6\PhysicsProject6\BulletPhysics\Physics\Bullet\Bullet\BulletDynamics\Featherstone\btMultiBodySliderConstraint.cpp(219,32): warning C4305: 'argument': truncation from 'double' to 'btScalar'
C:\Users\Ryan\Desktop\INFO - 6022\Projects\6\PhysicsProject6\BulletPhysics\Physics\Bullet\Bullet\BulletDynamics\Featherstone\btMultiBodySliderConstraint.cpp(226,32): warning C4305: 'argument': truncation from 'double' to 'btScalar'
C:\Users\Ryan\Desktop\INFO - 6022\Projects\6\PhysicsProject6\BulletPhysics\Physics\Bullet\Bullet\BulletDynamics\Featherstone\btMultiBodySliderConstraint.cpp(232,32): warning C4305: 'argument': truncation from 'double' to 'btScalar'
  btMultiBodySphericalJointMotor.cpp
C:\Users\Ryan\Desktop\INFO - 6022\Projects\6\PhysicsProject6\BulletPhysics\Physics\Bullet\Bullet\BulletDynamics\Featherstone\btMultiBodySphericalJointMotor.cpp(33,1): warning C4305: 'initializing': truncation from 'double' to 'btScalar'
  btDantzigLCP.cpp
  btLemkeAlgorithm.cpp
C:\Users\Ryan\Desktop\INFO - 6022\Projects\6\PhysicsProject6\BulletPhysics\Physics\Bullet\Bullet\LinearMath\btMatrixX.h(108,18): warning C4244: '=': conversion from 'double' to 'T', possible loss of data
          with
          [
              T=float
          ]
C:\Users\Ryan\Desktop\INFO - 6022\Projects\6\PhysicsProject6\BulletPhysics\Physics\Bullet\Bullet\LinearMath\btMatrixX.h(70): message : while compiling class template member function 'T btVectorX<T>::nrm2(void) const'
          with
          [
              T=float
          ]
C:\Users\Ryan\Desktop\INFO - 6022\Projects\6\PhysicsProject6\BulletPhysics\Physics\Bullet\Bullet\BulletDynamics\MLCPSolvers\btLemkeAlgorithm.cpp(248): message : see reference to function template instantiation 'T btVectorX<T>::nrm2(void) const' being compiled
          with
          [
              T=float
          ]
C:\Users\Ryan\Desktop\INFO - 6022\Projects\6\PhysicsProject6\BulletPhysics\Physics\Bullet\Bullet\BulletDynamics\MLCPSolvers\btLemkeAlgorithm.h(81): message : see reference to class template instantiation 'btVectorX<float>' being compiled
  btMLCPSolver.cpp
  btRaycastVehicle.cpp
  btWheelInfo.cpp
  btAlignedAllocator.cpp
  btConvexHull.cpp
  Generating Code...
  Compiling...
  btConvexHullComputer.cpp
  btGeometryUtil.cpp
  btPolarDecomposition.cpp
  btQuickprof.cpp
  btSerializer.cpp
  btSerializer64.cpp
  btThreads.cpp
  btVector3.cpp
C:\Users\Ryan\Desktop\INFO - 6022\Projects\6\PhysicsProject6\BulletPhysics\Physics\Bullet\Bullet\LinearMath\btVector3.cpp(179,53): warning C4267: '=': conversion from 'size_t' to 'long', possible loss of data
C:\Users\Ryan\Desktop\INFO - 6022\Projects\6\PhysicsProject6\BulletPhysics\Physics\Bullet\Bullet\LinearMath\btVector3.cpp(184,18): warning C4267: '-=': conversion from 'size_t' to 'unsigned long', possible loss of data
C:\Users\Ryan\Desktop\INFO - 6022\Projects\6\PhysicsProject6\BulletPhysics\Physics\Bullet\Bullet\LinearMath\btVector3.cpp(430,52): warning C4267: '=': conversion from 'size_t' to 'long', possible loss of data
C:\Users\Ryan\Desktop\INFO - 6022\Projects\6\PhysicsProject6\BulletPhysics\Physics\Bullet\Bullet\LinearMath\btVector3.cpp(572,53): warning C4267: '=': conversion from 'size_t' to 'long', possible loss of data
C:\Users\Ryan\Desktop\INFO - 6022\Projects\6\PhysicsProject6\BulletPhysics\Physics\Bullet\Bullet\LinearMath\btVector3.cpp(577,18): warning C4267: '-=': conversion from 'size_t' to 'unsigned long', possible loss of data
C:\Users\Ryan\Desktop\INFO - 6022\Projects\6\PhysicsProject6\BulletPhysics\Physics\Bullet\Bullet\LinearMath\btVector3.cpp(824,52): warning C4267: '=': conversion from 'size_t' to 'long', possible loss of data
  btTaskScheduler.cpp
  btThreadSupportPosix.cpp
  btThreadSupportWin32.cpp
  CreatePhysicsFactory.cpp
  cBulletPhysicsFactory.cpp
  cBulletPhysicsWorld.cpp
C:\Users\Ryan\Desktop\INFO - 6022\Projects\6\PhysicsProject6\BulletPhysics\Physics\Bullet\cBulletPhysicsWorld.cpp(18,51): warning C4305: 'argument': truncation from 'double' to 'const btScalar'
  cBulletRigidBody.cpp
  BulletShapes.cpp
  Generating Code...
     Creating library C:\Users\Ryan\Desktop\INFO - 6022\Projects\6\PhysicsProject6\x64\Debug\BulletPhysics.lib and object C:\Users\Ryan\Desktop\INFO - 6022\Projects\6\PhysicsProject6\x64\Debug\BulletPhysics.exp
  BulletPhysics.vcxproj -> C:\Users\Ryan\Desktop\INFO - 6022\Projects\6\PhysicsProject6\x64\Debug\BulletPhysics.dll
