c:\users\ryan\desktop\info - 6022\projects\6\physicsproject6\x64\debug\bulletphysics.lib
c:\users\ryan\desktop\info - 6022\projects\6\physicsproject6\x64\debug\bulletphysics.exp
c:\users\ryan\desktop\info - 6022\projects\6\physicsproject6\bulletphysics\x64\debug\vc142.pdb
c:\users\ryan\desktop\info - 6022\projects\6\physicsproject6\bulletphysics\x64\debug\vc142.idb
c:\users\ryan\desktop\info - 6022\projects\6\physicsproject6\bulletphysics\x64\debug\btcompoundcompoundcollisionalgorithm.obj
c:\users\ryan\desktop\info - 6022\projects\6\physicsproject6\bulletphysics\x64\debug\btcompoundcollisionalgorithm.obj
c:\users\ryan\desktop\info - 6022\projects\6\physicsproject6\bulletphysics\x64\debug\btcollisionworldimporter.obj
c:\users\ryan\desktop\info - 6022\projects\6\physicsproject6\bulletphysics\x64\debug\btcollisionworld.obj
c:\users\ryan\desktop\info - 6022\projects\6\physicsproject6\bulletphysics\x64\debug\btcollisionobject.obj
c:\users\ryan\desktop\info - 6022\projects\6\physicsproject6\bulletphysics\x64\debug\btcollisiondispatchermt.obj
c:\users\ryan\desktop\info - 6022\projects\6\physicsproject6\bulletphysics\x64\debug\btcollisiondispatcher.obj
c:\users\ryan\desktop\info - 6022\projects\6\physicsproject6\bulletphysics\x64\debug\btboxboxdetector.obj
c:\users\ryan\desktop\info - 6022\projects\6\physicsproject6\bulletphysics\x64\debug\btboxboxcollisionalgorithm.obj
c:\users\ryan\desktop\info - 6022\projects\6\physicsproject6\bulletphysics\x64\debug\btbox2dbox2dcollisionalgorithm.obj
c:\users\ryan\desktop\info - 6022\projects\6\physicsproject6\bulletphysics\x64\debug\btactivatingcollisionalgorithm.obj
c:\users\ryan\desktop\info - 6022\projects\6\physicsproject6\bulletphysics\x64\debug\btsimplebroadphase.obj
c:\users\ryan\desktop\info - 6022\projects\6\physicsproject6\bulletphysics\x64\debug\btquantizedbvh.obj
c:\users\ryan\desktop\info - 6022\projects\6\physicsproject6\bulletphysics\x64\debug\btoverlappingpaircache.obj
c:\users\ryan\desktop\info - 6022\projects\6\physicsproject6\bulletphysics\x64\debug\btdispatcher.obj
c:\users\ryan\desktop\info - 6022\projects\6\physicsproject6\bulletphysics\x64\debug\btdbvtbroadphase.obj
c:\users\ryan\desktop\info - 6022\projects\6\physicsproject6\bulletphysics\x64\debug\btdbvt.obj
c:\users\ryan\desktop\info - 6022\projects\6\physicsproject6\bulletphysics\x64\debug\btcollisionalgorithm.obj
c:\users\ryan\desktop\info - 6022\projects\6\physicsproject6\bulletphysics\x64\debug\btbroadphaseproxy.obj
c:\users\ryan\desktop\info - 6022\projects\6\physicsproject6\bulletphysics\x64\debug\btaxissweep3.obj
c:\users\ryan\desktop\info - 6022\projects\6\physicsproject6\bulletphysics\x64\debug\btcapsuleshape.obj
c:\users\ryan\desktop\info - 6022\projects\6\physicsproject6\bulletphysics\x64\debug\btbvhtrianglemeshshape.obj
c:\users\ryan\desktop\info - 6022\projects\6\physicsproject6\bulletphysics\x64\debug\btboxshape.obj
c:\users\ryan\desktop\info - 6022\projects\6\physicsproject6\bulletphysics\x64\debug\btbox2dshape.obj
c:\users\ryan\desktop\info - 6022\projects\6\physicsproject6\bulletphysics\x64\debug\spheretriangledetector.obj
c:\users\ryan\desktop\info - 6022\projects\6\physicsproject6\bulletphysics\x64\debug\btunionfind.obj
c:\users\ryan\desktop\info - 6022\projects\6\physicsproject6\bulletphysics\x64\debug\btspheretrianglecollisionalgorithm.obj
c:\users\ryan\desktop\info - 6022\projects\6\physicsproject6\bulletphysics\x64\debug\btspherespherecollisionalgorithm.obj
c:\users\ryan\desktop\info - 6022\projects\6\physicsproject6\bulletphysics\x64\debug\btsphereboxcollisionalgorithm.obj
c:\users\ryan\desktop\info - 6022\projects\6\physicsproject6\bulletphysics\x64\debug\btsimulationislandmanager.obj
c:\users\ryan\desktop\info - 6022\projects\6\physicsproject6\bulletphysics\x64\debug\btmanifoldresult.obj
c:\users\ryan\desktop\info - 6022\projects\6\physicsproject6\bulletphysics\x64\debug\btinternaledgeutility.obj
c:\users\ryan\desktop\info - 6022\projects\6\physicsproject6\bulletphysics\x64\debug\bthashedsimplepaircache.obj
c:\users\ryan\desktop\info - 6022\projects\6\physicsproject6\bulletphysics\x64\debug\btghostobject.obj
c:\users\ryan\desktop\info - 6022\projects\6\physicsproject6\bulletphysics\x64\debug\btemptycollisionalgorithm.obj
c:\users\ryan\desktop\info - 6022\projects\6\physicsproject6\bulletphysics\x64\debug\btdefaultcollisionconfiguration.obj
c:\users\ryan\desktop\info - 6022\projects\6\physicsproject6\bulletphysics\x64\debug\btconvexplanecollisionalgorithm.obj
c:\users\ryan\desktop\info - 6022\projects\6\physicsproject6\bulletphysics\x64\debug\btconvexconvexalgorithm.obj
c:\users\ryan\desktop\info - 6022\projects\6\physicsproject6\bulletphysics\x64\debug\btconvexconcavecollisionalgorithm.obj
c:\users\ryan\desktop\info - 6022\projects\6\physicsproject6\bulletphysics\x64\debug\btconvex2dconvex2dalgorithm.obj
c:\users\ryan\desktop\info - 6022\projects\6\physicsproject6\bulletphysics\x64\debug\btpolyhedralconvexshape.obj
c:\users\ryan\desktop\info - 6022\projects\6\physicsproject6\bulletphysics\x64\debug\btoptimizedbvh.obj
c:\users\ryan\desktop\info - 6022\projects\6\physicsproject6\bulletphysics\x64\debug\btmultisphereshape.obj
c:\users\ryan\desktop\info - 6022\projects\6\physicsproject6\bulletphysics\x64\debug\btmultimaterialtrianglemeshshape.obj
c:\users\ryan\desktop\info - 6022\projects\6\physicsproject6\bulletphysics\x64\debug\btminkowskisumshape.obj
c:\users\ryan\desktop\info - 6022\projects\6\physicsproject6\bulletphysics\x64\debug\btminisdf.obj
c:\users\ryan\desktop\info - 6022\projects\6\physicsproject6\bulletphysics\x64\debug\btheightfieldterrainshape.obj
c:\users\ryan\desktop\info - 6022\projects\6\physicsproject6\bulletphysics\x64\debug\btemptyshape.obj
c:\users\ryan\desktop\info - 6022\projects\6\physicsproject6\bulletphysics\x64\debug\btcylindershape.obj
c:\users\ryan\desktop\info - 6022\projects\6\physicsproject6\bulletphysics\x64\debug\btconvextrianglemeshshape.obj
c:\users\ryan\desktop\info - 6022\projects\6\physicsproject6\bulletphysics\x64\debug\btconvexshape.obj
c:\users\ryan\desktop\info - 6022\projects\6\physicsproject6\bulletphysics\x64\debug\btconvexpolyhedron.obj
c:\users\ryan\desktop\info - 6022\projects\6\physicsproject6\bulletphysics\x64\debug\btconvexpointcloudshape.obj
c:\users\ryan\desktop\info - 6022\projects\6\physicsproject6\bulletphysics\x64\debug\btconvexinternalshape.obj
c:\users\ryan\desktop\info - 6022\projects\6\physicsproject6\bulletphysics\x64\debug\btconvexhullshape.obj
c:\users\ryan\desktop\info - 6022\projects\6\physicsproject6\bulletphysics\x64\debug\btconvex2dshape.obj
c:\users\ryan\desktop\info - 6022\projects\6\physicsproject6\bulletphysics\x64\debug\btconeshape.obj
c:\users\ryan\desktop\info - 6022\projects\6\physicsproject6\bulletphysics\x64\debug\btconcaveshape.obj
c:\users\ryan\desktop\info - 6022\projects\6\physicsproject6\bulletphysics\x64\debug\btcompoundshape.obj
c:\users\ryan\desktop\info - 6022\projects\6\physicsproject6\bulletphysics\x64\debug\btcollisionshape.obj
c:\users\ryan\desktop\info - 6022\projects\6\physicsproject6\bulletphysics\x64\debug\btgimpactshape.obj
c:\users\ryan\desktop\info - 6022\projects\6\physicsproject6\bulletphysics\x64\debug\btgimpactquantizedbvh.obj
c:\users\ryan\desktop\info - 6022\projects\6\physicsproject6\bulletphysics\x64\debug\btgimpactcollisionalgorithm.obj
c:\users\ryan\desktop\info - 6022\projects\6\physicsproject6\bulletphysics\x64\debug\btgimpactbvh.obj
c:\users\ryan\desktop\info - 6022\projects\6\physicsproject6\bulletphysics\x64\debug\btgenericpoolallocator.obj
c:\users\ryan\desktop\info - 6022\projects\6\physicsproject6\bulletphysics\x64\debug\btcontactprocessing.obj
c:\users\ryan\desktop\info - 6022\projects\6\physicsproject6\bulletphysics\x64\debug\btuniformscalingshape.obj
c:\users\ryan\desktop\info - 6022\projects\6\physicsproject6\bulletphysics\x64\debug\bttrianglemeshshape.obj
c:\users\ryan\desktop\info - 6022\projects\6\physicsproject6\bulletphysics\x64\debug\bttrianglemesh.obj
c:\users\ryan\desktop\info - 6022\projects\6\physicsproject6\bulletphysics\x64\debug\bttriangleindexvertexmaterialarray.obj
c:\users\ryan\desktop\info - 6022\projects\6\physicsproject6\bulletphysics\x64\debug\bttriangleindexvertexarray.obj
c:\users\ryan\desktop\info - 6022\projects\6\physicsproject6\bulletphysics\x64\debug\bttrianglecallback.obj
c:\users\ryan\desktop\info - 6022\projects\6\physicsproject6\bulletphysics\x64\debug\bttrianglebuffer.obj
c:\users\ryan\desktop\info - 6022\projects\6\physicsproject6\bulletphysics\x64\debug\bttetrahedronshape.obj
c:\users\ryan\desktop\info - 6022\projects\6\physicsproject6\bulletphysics\x64\debug\btstridingmeshinterface.obj
c:\users\ryan\desktop\info - 6022\projects\6\physicsproject6\bulletphysics\x64\debug\btstaticplaneshape.obj
c:\users\ryan\desktop\info - 6022\projects\6\physicsproject6\bulletphysics\x64\debug\btsphereshape.obj
c:\users\ryan\desktop\info - 6022\projects\6\physicsproject6\bulletphysics\x64\debug\btshapehull.obj
c:\users\ryan\desktop\info - 6022\projects\6\physicsproject6\bulletphysics\x64\debug\btsdfcollisionshape.obj
c:\users\ryan\desktop\info - 6022\projects\6\physicsproject6\bulletphysics\x64\debug\btscaledbvhtrianglemeshshape.obj
c:\users\ryan\desktop\info - 6022\projects\6\physicsproject6\bulletphysics\x64\debug\btconetwistconstraint.obj
c:\users\ryan\desktop\info - 6022\projects\6\physicsproject6\bulletphysics\x64\debug\btbatchedconstraints.obj
c:\users\ryan\desktop\info - 6022\projects\6\physicsproject6\bulletphysics\x64\debug\btkinematiccharactercontroller.obj
c:\users\ryan\desktop\info - 6022\projects\6\physicsproject6\bulletphysics\x64\debug\btvoronoisimplexsolver.obj
c:\users\ryan\desktop\info - 6022\projects\6\physicsproject6\bulletphysics\x64\debug\btsubsimplexconvexcast.obj
c:\users\ryan\desktop\info - 6022\projects\6\physicsproject6\bulletphysics\x64\debug\btraycastcallback.obj
c:\users\ryan\desktop\info - 6022\projects\6\physicsproject6\bulletphysics\x64\debug\btpolyhedralcontactclipping.obj
c:\users\ryan\desktop\info - 6022\projects\6\physicsproject6\bulletphysics\x64\debug\btpersistentmanifold.obj
c:\users\ryan\desktop\info - 6022\projects\6\physicsproject6\bulletphysics\x64\debug\btminkowskipenetrationdepthsolver.obj
c:\users\ryan\desktop\info - 6022\projects\6\physicsproject6\bulletphysics\x64\debug\btgjkpairdetector.obj
c:\users\ryan\desktop\info - 6022\projects\6\physicsproject6\bulletphysics\x64\debug\btgjkepapenetrationdepthsolver.obj
c:\users\ryan\desktop\info - 6022\projects\6\physicsproject6\bulletphysics\x64\debug\btgjkepa2.obj
c:\users\ryan\desktop\info - 6022\projects\6\physicsproject6\bulletphysics\x64\debug\btgjkconvexcast.obj
c:\users\ryan\desktop\info - 6022\projects\6\physicsproject6\bulletphysics\x64\debug\btconvexcast.obj
c:\users\ryan\desktop\info - 6022\projects\6\physicsproject6\bulletphysics\x64\debug\btcontinuousconvexcollision.obj
c:\users\ryan\desktop\info - 6022\projects\6\physicsproject6\bulletphysics\x64\debug\gim_tri_collision.obj
c:\users\ryan\desktop\info - 6022\projects\6\physicsproject6\bulletphysics\x64\debug\gim_memory.obj
c:\users\ryan\desktop\info - 6022\projects\6\physicsproject6\bulletphysics\x64\debug\gim_contact.obj
c:\users\ryan\desktop\info - 6022\projects\6\physicsproject6\bulletphysics\x64\debug\gim_box_set.obj
c:\users\ryan\desktop\info - 6022\projects\6\physicsproject6\bulletphysics\x64\debug\bttriangleshapeex.obj
c:\users\ryan\desktop\info - 6022\projects\6\physicsproject6\bulletphysics\x64\debug\btsimpledynamicsworld.obj
c:\users\ryan\desktop\info - 6022\projects\6\physicsproject6\bulletphysics\x64\debug\btrigidbody.obj
c:\users\ryan\desktop\info - 6022\projects\6\physicsproject6\bulletphysics\x64\debug\btdiscretedynamicsworldmt.obj
c:\users\ryan\desktop\info - 6022\projects\6\physicsproject6\bulletphysics\x64\debug\btdiscretedynamicsworld.obj
c:\users\ryan\desktop\info - 6022\projects\6\physicsproject6\bulletphysics\x64\debug\btuniversalconstraint.obj
c:\users\ryan\desktop\info - 6022\projects\6\physicsproject6\bulletphysics\x64\debug\bttypedconstraint.obj
c:\users\ryan\desktop\info - 6022\projects\6\physicsproject6\bulletphysics\x64\debug\btsolve2linearconstraint.obj
c:\users\ryan\desktop\info - 6022\projects\6\physicsproject6\bulletphysics\x64\debug\btsliderconstraint.obj
c:\users\ryan\desktop\info - 6022\projects\6\physicsproject6\bulletphysics\x64\debug\btsequentialimpulseconstraintsolvermt.obj
c:\users\ryan\desktop\info - 6022\projects\6\physicsproject6\bulletphysics\x64\debug\btsequentialimpulseconstraintsolver.obj
c:\users\ryan\desktop\info - 6022\projects\6\physicsproject6\bulletphysics\x64\debug\btpoint2pointconstraint.obj
c:\users\ryan\desktop\info - 6022\projects\6\physicsproject6\bulletphysics\x64\debug\btnncgconstraintsolver.obj
c:\users\ryan\desktop\info - 6022\projects\6\physicsproject6\bulletphysics\x64\debug\bthingeconstraint.obj
c:\users\ryan\desktop\info - 6022\projects\6\physicsproject6\bulletphysics\x64\debug\bthinge2constraint.obj
c:\users\ryan\desktop\info - 6022\projects\6\physicsproject6\bulletphysics\x64\debug\btgeneric6dofspringconstraint.obj
c:\users\ryan\desktop\info - 6022\projects\6\physicsproject6\bulletphysics\x64\debug\btgeneric6dofspring2constraint.obj
c:\users\ryan\desktop\info - 6022\projects\6\physicsproject6\bulletphysics\x64\debug\btgeneric6dofconstraint.obj
c:\users\ryan\desktop\info - 6022\projects\6\physicsproject6\bulletphysics\x64\debug\btgearconstraint.obj
c:\users\ryan\desktop\info - 6022\projects\6\physicsproject6\bulletphysics\x64\debug\btfixedconstraint.obj
c:\users\ryan\desktop\info - 6022\projects\6\physicsproject6\bulletphysics\x64\debug\btcontactconstraint.obj
c:\users\ryan\desktop\info - 6022\projects\6\physicsproject6\bulletphysics\x64\debug\btconvexhull.obj
c:\users\ryan\desktop\info - 6022\projects\6\physicsproject6\bulletphysics\x64\debug\btalignedallocator.obj
c:\users\ryan\desktop\info - 6022\projects\6\physicsproject6\bulletphysics\x64\debug\btwheelinfo.obj
c:\users\ryan\desktop\info - 6022\projects\6\physicsproject6\bulletphysics\x64\debug\btraycastvehicle.obj
c:\users\ryan\desktop\info - 6022\projects\6\physicsproject6\bulletphysics\x64\debug\btmlcpsolver.obj
c:\users\ryan\desktop\info - 6022\projects\6\physicsproject6\bulletphysics\x64\debug\btlemkealgorithm.obj
c:\users\ryan\desktop\info - 6022\projects\6\physicsproject6\bulletphysics\x64\debug\btdantziglcp.obj
c:\users\ryan\desktop\info - 6022\projects\6\physicsproject6\bulletphysics\x64\debug\btmultibodysphericaljointmotor.obj
c:\users\ryan\desktop\info - 6022\projects\6\physicsproject6\bulletphysics\x64\debug\btmultibodysliderconstraint.obj
c:\users\ryan\desktop\info - 6022\projects\6\physicsproject6\bulletphysics\x64\debug\btmultibodypoint2point.obj
c:\users\ryan\desktop\info - 6022\projects\6\physicsproject6\bulletphysics\x64\debug\btmultibodymlcpconstraintsolver.obj
c:\users\ryan\desktop\info - 6022\projects\6\physicsproject6\bulletphysics\x64\debug\btmultibodyjointmotor.obj
c:\users\ryan\desktop\info - 6022\projects\6\physicsproject6\bulletphysics\x64\debug\btmultibodyjointlimitconstraint.obj
c:\users\ryan\desktop\info - 6022\projects\6\physicsproject6\bulletphysics\x64\debug\btmultibodygearconstraint.obj
c:\users\ryan\desktop\info - 6022\projects\6\physicsproject6\bulletphysics\x64\debug\btmultibodyfixedconstraint.obj
c:\users\ryan\desktop\info - 6022\projects\6\physicsproject6\bulletphysics\x64\debug\btmultibodydynamicsworld.obj
c:\users\ryan\desktop\info - 6022\projects\6\physicsproject6\bulletphysics\x64\debug\btmultibodyconstraintsolver.obj
c:\users\ryan\desktop\info - 6022\projects\6\physicsproject6\bulletphysics\x64\debug\btmultibodyconstraint.obj
c:\users\ryan\desktop\info - 6022\projects\6\physicsproject6\bulletphysics\x64\debug\btmultibody.obj
c:\users\ryan\desktop\info - 6022\projects\6\physicsproject6\bulletphysics\x64\debug\btsimulationislandmanagermt.obj
c:\users\ryan\desktop\info - 6022\projects\6\physicsproject6\bulletphysics\x64\debug\bulletshapes.obj
c:\users\ryan\desktop\info - 6022\projects\6\physicsproject6\bulletphysics\x64\debug\cbulletrigidbody.obj
c:\users\ryan\desktop\info - 6022\projects\6\physicsproject6\bulletphysics\x64\debug\cbulletphysicsworld.obj
c:\users\ryan\desktop\info - 6022\projects\6\physicsproject6\bulletphysics\x64\debug\cbulletphysicsfactory.obj
c:\users\ryan\desktop\info - 6022\projects\6\physicsproject6\bulletphysics\x64\debug\createphysicsfactory.obj
c:\users\ryan\desktop\info - 6022\projects\6\physicsproject6\bulletphysics\x64\debug\btthreadsupportwin32.obj
c:\users\ryan\desktop\info - 6022\projects\6\physicsproject6\bulletphysics\x64\debug\btthreadsupportposix.obj
c:\users\ryan\desktop\info - 6022\projects\6\physicsproject6\bulletphysics\x64\debug\bttaskscheduler.obj
c:\users\ryan\desktop\info - 6022\projects\6\physicsproject6\bulletphysics\x64\debug\btvector3.obj
c:\users\ryan\desktop\info - 6022\projects\6\physicsproject6\bulletphysics\x64\debug\btthreads.obj
c:\users\ryan\desktop\info - 6022\projects\6\physicsproject6\bulletphysics\x64\debug\btserializer64.obj
c:\users\ryan\desktop\info - 6022\projects\6\physicsproject6\bulletphysics\x64\debug\btserializer.obj
c:\users\ryan\desktop\info - 6022\projects\6\physicsproject6\bulletphysics\x64\debug\btquickprof.obj
c:\users\ryan\desktop\info - 6022\projects\6\physicsproject6\bulletphysics\x64\debug\btpolardecomposition.obj
c:\users\ryan\desktop\info - 6022\projects\6\physicsproject6\bulletphysics\x64\debug\btgeometryutil.obj
c:\users\ryan\desktop\info - 6022\projects\6\physicsproject6\bulletphysics\x64\debug\btconvexhullcomputer.obj
c:\users\ryan\desktop\info - 6022\projects\6\physicsproject6\x64\debug\bulletphysics.ilk
c:\users\ryan\desktop\info - 6022\projects\6\physicsproject6\x64\debug\bulletphysics.dll
c:\users\ryan\desktop\info - 6022\projects\6\physicsproject6\x64\debug\bulletphysics.pdb
c:\users\ryan\desktop\info - 6022\projects\6\physicsproject6\bulletphysics\x64\debug\bulletphysics.tlog\bulletphysics.write.1u.tlog
c:\users\ryan\desktop\info - 6022\projects\6\physicsproject6\bulletphysics\x64\debug\bulletphysics.tlog\cl.command.1.tlog
c:\users\ryan\desktop\info - 6022\projects\6\physicsproject6\bulletphysics\x64\debug\bulletphysics.tlog\cl.read.1.tlog
c:\users\ryan\desktop\info - 6022\projects\6\physicsproject6\bulletphysics\x64\debug\bulletphysics.tlog\cl.write.1.tlog
c:\users\ryan\desktop\info - 6022\projects\6\physicsproject6\bulletphysics\x64\debug\bulletphysics.tlog\link.command.1.tlog
c:\users\ryan\desktop\info - 6022\projects\6\physicsproject6\bulletphysics\x64\debug\bulletphysics.tlog\link.read.1.tlog
c:\users\ryan\desktop\info - 6022\projects\6\physicsproject6\bulletphysics\x64\debug\bulletphysics.tlog\link.write.1.tlog
